2026-03-13 17:19:24 [tsf.umontpellier.fr.RDFOWLReasoning.main()] DEBUG o.a.j.r.s.stream.JenaIOEnvironment - createLocationMapper: Failed to find configuration: location-mapping.ttl;location-mapping.rdf;etc/location-mapping.rdf;etc/location-mapping.ttl
2026-03-13 17:19:24 [tsf.umontpellier.fr.RDFOWLReasoning.main()] DEBUG o.a.j.r.system.stream.StreamManager - mapURI: Not mapped: src/main/resources/owlDemoSchema.ttl
2026-03-13 17:19:24 [tsf.umontpellier.fr.RDFOWLReasoning.main()] DEBUG o.a.j.r.system.stream.StreamManager - openNoMapOrNull: Found: src/main/resources/owlDemoSchema.ttl (LocatorFile)
2026-03-13 17:19:24 [tsf.umontpellier.fr.RDFOWLReasoning.main()] DEBUG o.a.j.r.system.stream.StreamManager - mapURI: Not mapped: src/main/resources/owlDemoData.ttl
2026-03-13 17:19:24 [tsf.umontpellier.fr.RDFOWLReasoning.main()] DEBUG o.a.j.r.system.stream.StreamManager - openNoMapOrNull: Found: src/main/resources/owlDemoData.ttl (LocatorFile)
2026-03-13 17:19:24 [tsf.umontpellier.fr.RDFOWLReasoning.main()] DEBUG o.a.j.r.rulesys.FBRuleInfGraph - addBRule: Adding rule [ (?a rdf:type xsd:integer) -> (?a rdf:type xsd:decimal) ]
2026-03-13 17:19:24 [tsf.umontpellier.fr.RDFOWLReasoning.main()] DEBUG o.a.j.r.rulesys.FBRuleInfGraph - addBRule: Adding rule [ (?x owl:intersectionOf ?y) -> (?x rdf:type owl:Class) ]
2026-03-13 17:19:24 [tsf.umontpellier.fr.RDFOWLReasoning.main()] DEBUG o.a.j.r.rulesys.FBRuleInfGraph - addBRule: Adding rule [ (?a rdf:type owl:Class) -> (?a rdf:type rdfs:Resource) ]
2026-03-13 17:19:24 [tsf.umontpellier.fr.RDFOWLReasoning.main()] DEBUG o.a.j.r.rulesys.FBRuleInfGraph - addBRule: Adding rule [ symmetricProperty1b: (?Y owl:disjointWith ?X) -> (?X owl:disjointWith ?Y) ]
2026-03-13 17:19:24 [tsf.umontpellier.fr.RDFOWLReasoning.main()] DEBUG o.a.j.r.rulesys.FBRuleInfGraph - addBRule: Adding rule [ symmetricProperty1b: (?Y owl:differentFrom ?X) -> (?X owl:differentFrom ?Y) ]
2026-03-13 17:19:24 [tsf.umontpellier.fr.RDFOWLReasoning.main()] DEBUG o.a.j.r.rulesys.FBRuleInfGraph - addBRule: Adding rule [ (?x owl:incompatibleWith ?y) notFunctor(?y) -> (?y rdf:type owl:Ontology) ]
2026-03-13 17:19:24 [tsf.umontpellier.fr.RDFOWLReasoning.main()] DEBUG o.a.j.r.rulesys.FBRuleInfGraph - addBRule: Adding rule [ (?a rdf:type owl:Ontology) -> (?a rdf:type rdfs:Resource) ]
2026-03-13 17:19:24 [tsf.umontpellier.fr.RDFOWLReasoning.main()] DEBUG o.a.j.r.rulesys.FBRuleInfGraph - addBRule: Adding rule [ (?x owl:incompatibleWith ?y) -> (?x rdf:type owl:Ontology) ]
2026-03-13 17:19:24 [tsf.umontpellier.fr.RDFOWLReasoning.main()] DEBUG o.a.j.r.rulesys.FBRuleInfGraph - addBRule: Adding rule [ (?x owl:backwardCompatibleWith ?y) notFunctor(?y) -> (?y rdf:type owl:Ontology) ]
2026-03-13 17:19:24 [tsf.umontpellier.fr.RDFOWLReasoning.main()] DEBUG o.a.j.r.rulesys.FBRuleInfGraph - addBRule: Adding rule [ (?x owl:backwardCompatibleWith ?y) -> (?x rdf:type owl:Ontology) ]
2026-03-13 17:19:24 [tsf.umontpellier.fr.RDFOWLReasoning.main()] DEBUG o.a.j.r.rulesys.FBRuleInfGraph - addBRule: Adding rule [ (?x owl:priorVersion ?y) notFunctor(?y) -> (?y rdf:type owl:Ontology) ]
2026-03-13 17:19:24 [tsf.umontpellier.fr.RDFOWLReasoning.main()] DEBUG o.a.j.r.rulesys.FBRuleInfGraph - addBRule: Adding rule [ (?x owl:priorVersion ?y) -> (?x rdf:type owl:Ontology) ]
2026-03-13 17:19:24 [tsf.umontpellier.fr.RDFOWLReasoning.main()] DEBUG o.a.j.r.rulesys.FBRuleInfGraph - addBRule: Adding rule [ (?x owl:imports ?y) notFunctor(?y) -> (?y rdf:type owl:Ontology) ]
2026-03-13 17:19:24 [tsf.umontpellier.fr.RDFOWLReasoning.main()] DEBUG o.a.j.r.rulesys.FBRuleInfGraph - addBRule: Adding rule [ (?x owl:imports ?y) -> (?x rdf:type owl:Ontology) ]
2026-03-13 17:19:24 [tsf.umontpellier.fr.RDFOWLReasoning.main()] DEBUG o.a.j.r.rulesys.FBRuleInfGraph - addBRule: Adding rule [ (?a rdf:type owl:OntologyProperty) -> (?a rdf:type rdf:Property) ]
2026-03-13 17:19:24 [tsf.umontpellier.fr.RDFOWLReasoning.main()] DEBUG o.a.j.r.rulesys.FBRuleInfGraph - addBRule: Adding rule [ (?x owl:onProperty ?y) notFunctor(?y) -> (?y rdf:type owl:Property) ]
2026-03-13 17:19:24 [tsf.umontpellier.fr.RDFOWLReasoning.main()] DEBUG o.a.j.r.rulesys.FBRuleInfGraph - addBRule: Adding rule [ (?a rdf:type owl:Property) -> (?a rdf:type rdfs:Resource) ]
2026-03-13 17:19:24 [tsf.umontpellier.fr.RDFOWLReasoning.main()] DEBUG o.a.j.r.rulesys.FBRuleInfGraph - addBRule: Adding rule [ (?x owl:onProperty ?y) -> (?x rdf:type owl:Restriction) ]
2026-03-13 17:19:24 [tsf.umontpellier.fr.RDFOWLReasoning.main()] DEBUG o.a.j.r.rulesys.FBRuleInfGraph - addBRule: Adding rule [ (?a rdf:type owl:Restriction) -> (?a rdf:type rdfs:Resource) ]
2026-03-13 17:19:24 [tsf.umontpellier.fr.RDFOWLReasoning.main()] DEBUG o.a.j.r.rulesys.FBRuleInfGraph - addBRule: Adding rule [ symmetricProperty1b: (?Y owl:sameAs ?X) -> (?X owl:sameAs ?Y) ]
2026-03-13 17:19:24 [tsf.umontpellier.fr.RDFOWLReasoning.main()] DEBUG o.a.j.r.rulesys.FBRuleInfGraph - addBRule: Adding rule [ (?x owl:disjointWith ?y) notFunctor(?y) -> (?y rdf:type owl:Class) ]
2026-03-13 17:19:24 [tsf.umontpellier.fr.RDFOWLReasoning.main()] DEBUG o.a.j.r.rulesys.FBRuleInfGraph - addBRule: Adding rule [ (?x owl:disjointWith ?y) -> (?x rdf:type owl:Class) ]
2026-03-13 17:19:24 [tsf.umontpellier.fr.RDFOWLReasoning.main()] DEBUG o.a.j.r.rulesys.FBRuleInfGraph - addBRule: Adding rule [ (?x owl:equivalentClass ?y) notFunctor(?y) -> (?y rdf:type owl:Class) ]
2026-03-13 17:19:24 [tsf.umontpellier.fr.RDFOWLReasoning.main()] DEBUG o.a.j.r.rulesys.FBRuleInfGraph - addBRule: Adding rule [ (?x owl:equivalentClass ?y) -> (?x rdf:type owl:Class) ]
2026-03-13 17:19:24 [tsf.umontpellier.fr.RDFOWLReasoning.main()] DEBUG o.a.j.r.rulesys.FBRuleInfGraph - addBRule: Adding rule [ (?a rdf:type owl:Nothing) -> (?a rdf:type rdfs:Resource) ]
2026-03-13 17:19:24 [tsf.umontpellier.fr.RDFOWLReasoning.main()] DEBUG o.a.j.r.rulesys.FBRuleInfGraph - addBRule: Adding rule [ (?a rdf:type owl:Nothing) -> (?a rdf:type owl:Thing) ]
2026-03-13 17:19:24 [tsf.umontpellier.fr.RDFOWLReasoning.main()] DEBUG o.a.j.r.rulesys.FBRuleInfGraph - addBRule: Adding rule [ prototype2b: (4ceddfc4-c9de-480a-ba67-d2982dc267c6 rdf:type ?d) -> (owl:Thing rdfs:subClassOf ?d) ]
2026-03-13 17:19:24 [tsf.umontpellier.fr.RDFOWLReasoning.main()] DEBUG o.a.j.r.rulesys.FBRuleInfGraph - addBRule: Adding rule [ (?a rdf:type owl:Thing) -> (?a rdf:type rdfs:Resource) ]
2026-03-13 17:19:24 [tsf.umontpellier.fr.RDFOWLReasoning.main()] DEBUG o.a.j.r.rulesys.FBRuleInfGraph - addBRule: Adding rule [ (?a rdf:type owl:Restriction) -> (?a rdf:type owl:Class) ]
2026-03-13 17:19:24 [tsf.umontpellier.fr.RDFOWLReasoning.main()] DEBUG o.a.j.r.rulesys.FBRuleInfGraph - addBRule: Adding rule [ (?a rdf:type owl:Class) -> (?a rdf:type rdfs:Class) ]
2026-03-13 17:19:24 [tsf.umontpellier.fr.RDFOWLReasoning.main()] DEBUG o.a.j.r.rulesys.FBRuleInfGraph - addBRule: Adding rule [ (?x owl:oneOf ?y) -> (?x rdf:type owl:Class) ]
2026-03-13 17:19:24 [tsf.umontpellier.fr.RDFOWLReasoning.main()] DEBUG o.a.j.r.rulesys.FBRuleInfGraph - addBRule: Adding rule [ (?a rdf:type owl:SymmetricProperty) -> (?a rdf:type owl:ObjectProperty) ]
2026-03-13 17:19:24 [tsf.umontpellier.fr.RDFOWLReasoning.main()] DEBUG o.a.j.r.rulesys.FBRuleInfGraph - addBRule: Adding rule [ (?a rdf:type owl:TransitiveProperty) -> (?a rdf:type owl:ObjectProperty) ]
2026-03-13 17:19:24 [tsf.umontpellier.fr.RDFOWLReasoning.main()] DEBUG o.a.j.r.rulesys.FBRuleInfGraph - addBRule: Adding rule [ (?a rdf:type owl:InverseFunctionalProperty) -> (?a rdf:type owl:ObjectProperty) ]
2026-03-13 17:19:24 [tsf.umontpellier.fr.RDFOWLReasoning.main()] DEBUG o.a.j.r.rulesys.FBRuleInfGraph - addBRule: Adding rule [ (?a rdf:type owl:DatatypeProperty) -> (?a rdf:type rdf:Property) ]
2026-03-13 17:19:24 [tsf.umontpellier.fr.RDFOWLReasoning.main()] DEBUG o.a.j.r.rulesys.FBRuleInfGraph - addBRule: Adding rule [ (?a rdf:type owl:ObjectProperty) -> (?a rdf:type rdf:Property) ]
2026-03-13 17:19:24 [tsf.umontpellier.fr.RDFOWLReasoning.main()] DEBUG o.a.j.r.rulesys.FBRuleInfGraph - addBRule: Adding rule [ (?a rdf:type owl:FunctionalProperty) -> (?a rdf:type rdf:Property) ]
2026-03-13 17:19:24 [tsf.umontpellier.fr.RDFOWLReasoning.main()] DEBUG o.a.j.r.rulesys.FBRuleInfGraph - addBRule: Adding rule [ (?a rdf:type rdfs:Datatype) -> (?a rdf:type rdfs:Class) ]
2026-03-13 17:19:24 [tsf.umontpellier.fr.RDFOWLReasoning.main()] DEBUG o.a.j.r.rulesys.FBRuleInfGraph - addBRule: Adding rule [ (?a rdfs:isDefinedBy ?b) -> (?a rdfs:seeAlso ?b) ]
2026-03-13 17:19:24 [tsf.umontpellier.fr.RDFOWLReasoning.main()] DEBUG o.a.j.r.rulesys.FBRuleInfGraph - addBRule: Adding rule [ (?a rdf:type rdfs:ContainerMembershipProperty) -> (?a rdf:type rdf:Property) ]
2026-03-13 17:19:24 [tsf.umontpellier.fr.RDFOWLReasoning.main()] DEBUG o.a.j.r.rulesys.FBRuleInfGraph - addBRule: Adding rule [ (?a rdf:type rdf:Seq) -> (?a rdf:type rdfs:Container) ]
2026-03-13 17:19:24 [tsf.umontpellier.fr.RDFOWLReasoning.main()] DEBUG o.a.j.r.rulesys.FBRuleInfGraph - addBRule: Adding rule [ (?a rdf:type rdf:Bag) -> (?a rdf:type rdfs:Container) ]
2026-03-13 17:19:24 [tsf.umontpellier.fr.RDFOWLReasoning.main()] DEBUG o.a.j.r.rulesys.FBRuleInfGraph - addBRule: Adding rule [ (?a rdf:type rdf:Alt) -> (?a rdf:type rdfs:Container) ]
2026-03-13 17:19:24 [tsf.umontpellier.fr.RDFOWLReasoning.main()] DEBUG o.a.j.r.rulesys.FBRuleInfGraph - addBRule: Adding rule [ (?x rdf:rest ?y) notFunctor(?y) -> (?y rdf:type rdf:List) ]
2026-03-13 17:19:24 [tsf.umontpellier.fr.RDFOWLReasoning.main()] DEBUG o.a.j.r.rulesys.FBRuleInfGraph - addBRule: Adding rule [ (?a rdf:type rdf:List) -> (?a rdf:type rdfs:Resource) ]
2026-03-13 17:19:24 [tsf.umontpellier.fr.RDFOWLReasoning.main()] DEBUG o.a.j.r.rulesys.FBRuleInfGraph - addBRule: Adding rule [ (?x rdfs:range ?y) notFunctor(?y) -> (?y rdf:type rdfs:Class) ]
2026-03-13 17:19:24 [tsf.umontpellier.fr.RDFOWLReasoning.main()] DEBUG o.a.j.r.rulesys.FBRuleInfGraph - addBRule: Adding rule [ (?a rdf:type rdfs:Class) -> (?a rdf:type rdfs:Resource) ]
2026-03-13 17:19:24 [tsf.umontpellier.fr.RDFOWLReasoning.main()] DEBUG o.a.j.r.rulesys.FBRuleInfGraph - addBRule: Adding rule [ (?x rdfs:domain ?y) notFunctor(?y) -> (?y rdf:type rdfs:Class) ]
2026-03-13 17:19:24 [tsf.umontpellier.fr.RDFOWLReasoning.main()] DEBUG o.a.j.r.rulesys.FBRuleInfGraph - addBRule: Adding rule [ (?x rdfs:subClassOf ?y) notFunctor(?y) -> (?y rdf:type rdfs:Class) ]
2026-03-13 17:19:24 [tsf.umontpellier.fr.RDFOWLReasoning.main()] DEBUG o.a.j.r.rulesys.FBRuleInfGraph - addBRule: Adding rule [ (?x rdfs:subPropertyOf ?y) notFunctor(?y) -> (?y rdf:type rdf:Property) ]
2026-03-13 17:19:24 [tsf.umontpellier.fr.RDFOWLReasoning.main()] DEBUG o.a.j.r.rulesys.FBRuleInfGraph - addBRule: Adding rule [ (?a rdf:type rdf:Property) -> (?a rdf:type rdfs:Resource) ]
2026-03-13 17:19:24 [tsf.umontpellier.fr.RDFOWLReasoning.main()] DEBUG o.a.j.r.rulesys.FBRuleInfGraph - addBRule: Adding rule [ (?x rdf:rest ?y) -> (?x rdf:type rdf:List) ]
2026-03-13 17:19:24 [tsf.umontpellier.fr.RDFOWLReasoning.main()] DEBUG o.a.j.r.rulesys.FBRuleInfGraph - addBRule: Adding rule [ (?x rdf:first ?y) -> (?x rdf:type rdf:List) ]
2026-03-13 17:19:24 [tsf.umontpellier.fr.RDFOWLReasoning.main()] DEBUG o.a.j.r.rulesys.FBRuleInfGraph - addBRule: Adding rule [ (?x rdf:object ?y) -> (?x rdf:type rdf:Statement) ]
2026-03-13 17:19:24 [tsf.umontpellier.fr.RDFOWLReasoning.main()] DEBUG o.a.j.r.rulesys.FBRuleInfGraph - addBRule: Adding rule [ (?x rdf:predicate ?y) -> (?x rdf:type rdf:Statement) ]
2026-03-13 17:19:24 [tsf.umontpellier.fr.RDFOWLReasoning.main()] DEBUG o.a.j.r.rulesys.FBRuleInfGraph - addBRule: Adding rule [ (?x rdf:subject ?y) -> (?x rdf:type rdf:Statement) ]
2026-03-13 17:19:24 [tsf.umontpellier.fr.RDFOWLReasoning.main()] DEBUG o.a.j.r.rulesys.FBRuleInfGraph - addBRule: Adding rule [ (?x rdfs:range ?y) -> (?x rdf:type rdf:Property) ]
2026-03-13 17:19:24 [tsf.umontpellier.fr.RDFOWLReasoning.main()] DEBUG o.a.j.r.rulesys.FBRuleInfGraph - addBRule: Adding rule [ (?x rdfs:domain ?y) -> (?x rdf:type rdf:Property) ]
2026-03-13 17:19:24 [tsf.umontpellier.fr.RDFOWLReasoning.main()] DEBUG o.a.j.r.rulesys.FBRuleInfGraph - addBRule: Adding rule [ (?x rdfs:subClassOf ?y) -> (?x rdf:type rdfs:Class) ]
2026-03-13 17:19:24 [tsf.umontpellier.fr.RDFOWLReasoning.main()] DEBUG o.a.j.r.rulesys.FBRuleInfGraph - addBRule: Adding rule [ (?x rdfs:subPropertyOf ?y) -> (?x rdf:type rdf:Property) ]
2026-03-13 17:19:24 [tsf.umontpellier.fr.RDFOWLReasoning.main()] DEBUG o.a.j.r.rulesys.FBRuleInfGraph - addBRule: Adding rule [ (?a rdf:type rdf:Statement) -> (?a rdf:type rdfs:Resource) ]
2026-03-13 17:19:24 [tsf.umontpellier.fr.RDFOWLReasoning.main()] DEBUG o.a.j.r.rulesys.FBRuleInfGraph - addBRule: Adding rule [ (?a rdf:type rdfs:Literal) -> (?a rdf:type rdfs:Resource) ]
2026-03-13 17:19:24 [tsf.umontpellier.fr.RDFOWLReasoning.main()] DEBUG o.a.j.r.rulesys.FBRuleInfGraph - addBRule: Adding rule [ (?x rdf:type ?y) notFunctor(?y) -> (?y rdf:type rdfs:Class) ]
2026-03-13 17:19:24 [tsf.umontpellier.fr.RDFOWLReasoning.main()] DEBUG o.a.j.r.rulesys.FBRuleInfGraph - addBRule: Adding rule [ (?a rdf:type <http://example.org/MedicalMeasurement>) -> (?a rdf:type owl:Thing) ]
2026-03-13 17:19:24 [tsf.umontpellier.fr.RDFOWLReasoning.main()] DEBUG o.a.j.r.rulesys.FBRuleInfGraph - addBRule: Adding rule [ prototype2b: (dc0d6814-00e9-4897-982b-24657a912e73 rdf:type ?d) -> (<http://example.org/MedicalMeasurement> rdfs:subClassOf ?d) ]
2026-03-13 17:19:24 [tsf.umontpellier.fr.RDFOWLReasoning.main()] DEBUG o.a.j.r.rulesys.FBRuleInfGraph - addBRule: Adding rule [ (?a rdf:type <http://example.org/MedicalMeasurement>) -> (?a rdf:type rdfs:Resource) ]
2026-03-13 17:19:24 [tsf.umontpellier.fr.RDFOWLReasoning.main()] DEBUG o.a.j.r.rulesys.FBRuleInfGraph - addBRule: Adding rule [ (?a rdf:type <http://example.org/MedicalCondition>) -> (?a rdf:type owl:Thing) ]
2026-03-13 17:19:24 [tsf.umontpellier.fr.RDFOWLReasoning.main()] DEBUG o.a.j.r.rulesys.FBRuleInfGraph - addBRule: Adding rule [ prototype2b: (05b233f7-81d1-4f45-bfcf-7463376269e2 rdf:type ?d) -> (<http://example.org/MedicalCondition> rdfs:subClassOf ?d) ]
2026-03-13 17:19:24 [tsf.umontpellier.fr.RDFOWLReasoning.main()] DEBUG o.a.j.r.rulesys.FBRuleInfGraph - addBRule: Adding rule [ (?a rdf:type <http://example.org/MedicalCondition>) -> (?a rdf:type rdfs:Resource) ]
2026-03-13 17:19:24 [tsf.umontpellier.fr.RDFOWLReasoning.main()] DEBUG o.a.j.r.rulesys.FBRuleInfGraph - addBRule: Adding rule [ (?x <http://example.org/hasCondition> ?y) notFunctor(?y) -> (?y rdf:type owl:Thing) ]
2026-03-13 17:19:24 [tsf.umontpellier.fr.RDFOWLReasoning.main()] DEBUG o.a.j.r.rulesys.FBRuleInfGraph - addBRule: Adding rule [ (?x <http://example.org/hasCondition> ?y) -> (?x rdf:type owl:Thing) ]
2026-03-13 17:19:24 [tsf.umontpellier.fr.RDFOWLReasoning.main()] DEBUG o.a.j.r.rulesys.FBRuleInfGraph - addBRule: Adding rule [ (?x <http://example.org/hasCondition> ?y) -> (?x rdf:type <http://example.org/Patient>) ]
2026-03-13 17:19:24 [tsf.umontpellier.fr.RDFOWLReasoning.main()] DEBUG o.a.j.r.rulesys.FBRuleInfGraph - addBRule: Adding rule [ (?a rdf:type <http://example.org/Patient>) -> (?a rdf:type rdfs:Resource) ]
2026-03-13 17:19:24 [tsf.umontpellier.fr.RDFOWLReasoning.main()] DEBUG o.a.j.r.rulesys.FBRuleInfGraph - addBRule: Adding rule [ (?x <http://example.org/hasCondition> ?y) notFunctor(?y) -> (?y rdf:type <http://example.org/MedicalCondition>) ]
2026-03-13 17:19:24 [tsf.umontpellier.fr.RDFOWLReasoning.main()] DEBUG o.a.j.r.rulesys.FBRuleInfGraph - addBRule: Adding rule [ (?x <http://example.org/hasEmployee> ?y) notFunctor(?y) -> (?y rdf:type owl:Thing) ]
2026-03-13 17:19:24 [tsf.umontpellier.fr.RDFOWLReasoning.main()] DEBUG o.a.j.r.rulesys.FBRuleInfGraph - addBRule: Adding rule [ inverseOf2b: (?Y <http://example.org/worksAt> ?X) -> (?X <http://example.org/hasEmployee> ?Y) ]
2026-03-13 17:19:24 [tsf.umontpellier.fr.RDFOWLReasoning.main()] DEBUG o.a.j.r.rulesys.FBRuleInfGraph - addBRule: Adding rule [ (?x <http://example.org/worksAt> ?y) -> (?x rdf:type owl:Thing) ]
2026-03-13 17:19:24 [tsf.umontpellier.fr.RDFOWLReasoning.main()] DEBUG o.a.j.r.rulesys.FBRuleInfGraph - addBRule: Adding rule [ inverseOf2b: (?Y <http://example.org/hasEmployee> ?X) -> (?X <http://example.org/worksAt> ?Y) ]
2026-03-13 17:19:24 [tsf.umontpellier.fr.RDFOWLReasoning.main()] DEBUG o.a.j.r.rulesys.FBRuleInfGraph - addBRule: Adding rule [ (?x <http://example.org/hasEmployee> ?y) -> (?x rdf:type owl:Thing) ]
2026-03-13 17:19:24 [tsf.umontpellier.fr.RDFOWLReasoning.main()] DEBUG o.a.j.r.rulesys.FBRuleInfGraph - addBRule: Adding rule [ (?x <http://example.org/hasEmployee> ?y) notFunctor(?y) -> (?y rdf:type <http://example.org/Employee>) ]
2026-03-13 17:19:24 [tsf.umontpellier.fr.RDFOWLReasoning.main()] DEBUG o.a.j.r.rulesys.FBRuleInfGraph - addBRule: Adding rule [ (?a rdf:type <http://example.org/Employee>) -> (?a rdf:type rdfs:Resource) ]
2026-03-13 17:19:24 [tsf.umontpellier.fr.RDFOWLReasoning.main()] DEBUG o.a.j.r.rulesys.FBRuleInfGraph - addBRule: Adding rule [ (?x <http://example.org/bloodSugarLevel> ?y) -> (?x rdf:type <http://example.org/Patient>) ]
2026-03-13 17:19:24 [tsf.umontpellier.fr.RDFOWLReasoning.main()] DEBUG o.a.j.r.rulesys.FBRuleInfGraph - addBRule: Adding rule [ (?x <http://example.org/bloodSugarLevel> ?y) notFunctor(?y) -> (?y rdf:type xsd:decimal) ]
2026-03-13 17:19:24 [tsf.umontpellier.fr.RDFOWLReasoning.main()] DEBUG o.a.j.r.rulesys.FBRuleInfGraph - addBRule: Adding rule [ (?a rdf:type xsd:decimal) -> (?a rdf:type rdfs:Resource) ]
2026-03-13 17:19:24 [tsf.umontpellier.fr.RDFOWLReasoning.main()] DEBUG o.a.j.r.rulesys.FBRuleInfGraph - addBRule: Adding rule [ (?x <http://example.org/usesDevice> ?y) notFunctor(?y) -> (?y rdf:type owl:Thing) ]
2026-03-13 17:19:24 [tsf.umontpellier.fr.RDFOWLReasoning.main()] DEBUG o.a.j.r.rulesys.FBRuleInfGraph - addBRule: Adding rule [ (?x <http://example.org/usesDevice> ?y) -> (?x rdf:type owl:Thing) ]
2026-03-13 17:19:24 [tsf.umontpellier.fr.RDFOWLReasoning.main()] DEBUG o.a.j.r.rulesys.FBRuleInfGraph - addBRule: Adding rule [ (?x <http://example.org/usesDevice> ?y) -> (?x rdf:type <http://example.org/Patient>) ]
2026-03-13 17:19:24 [tsf.umontpellier.fr.RDFOWLReasoning.main()] DEBUG o.a.j.r.rulesys.FBRuleInfGraph - addBRule: Adding rule [ (?x <http://example.org/usesDevice> ?y) notFunctor(?y) -> (?y rdf:type <http://example.org/Device>) ]
2026-03-13 17:19:24 [tsf.umontpellier.fr.RDFOWLReasoning.main()] DEBUG o.a.j.r.rulesys.FBRuleInfGraph - addBRule: Adding rule [ (?a rdf:type <http://example.org/Device>) -> (?a rdf:type rdfs:Resource) ]
2026-03-13 17:19:24 [tsf.umontpellier.fr.RDFOWLReasoning.main()] DEBUG o.a.j.r.rulesys.FBRuleInfGraph - addBRule: Adding rule [ (?x <http://example.org/medicationPrescribed> ?y) -> (?x rdf:type <http://example.org/Patient>) ]
2026-03-13 17:19:24 [tsf.umontpellier.fr.RDFOWLReasoning.main()] DEBUG o.a.j.r.rulesys.FBRuleInfGraph - addBRule: Adding rule [ (?x <http://example.org/medicationPrescribed> ?y) notFunctor(?y) -> (?y rdf:type xsd:string) ]
2026-03-13 17:19:24 [tsf.umontpellier.fr.RDFOWLReasoning.main()] DEBUG o.a.j.r.rulesys.FBRuleInfGraph - addBRule: Adding rule [ (?a rdf:type xsd:string) -> (?a rdf:type rdfs:Resource) ]
2026-03-13 17:19:24 [tsf.umontpellier.fr.RDFOWLReasoning.main()] DEBUG o.a.j.r.rulesys.FBRuleInfGraph - addBRule: Adding rule [ (?x <http://example.org/hasAge> ?y) -> (?x rdf:type <http://example.org/Person>) ]
2026-03-13 17:19:24 [tsf.umontpellier.fr.RDFOWLReasoning.main()] DEBUG o.a.j.r.rulesys.FBRuleInfGraph - addBRule: Adding rule [ (?a rdf:type <http://example.org/Person>) -> (?a rdf:type rdfs:Resource) ]
2026-03-13 17:19:24 [tsf.umontpellier.fr.RDFOWLReasoning.main()] DEBUG o.a.j.r.rulesys.FBRuleInfGraph - addBRule: Adding rule [ (?x <http://example.org/hasAge> ?y) notFunctor(?y) -> (?y rdf:type xsd:integer) ]
2026-03-13 17:19:24 [tsf.umontpellier.fr.RDFOWLReasoning.main()] DEBUG o.a.j.r.rulesys.FBRuleInfGraph - addBRule: Adding rule [ (?a rdf:type xsd:integer) -> (?a rdf:type rdfs:Resource) ]
2026-03-13 17:19:24 [tsf.umontpellier.fr.RDFOWLReasoning.main()] DEBUG o.a.j.r.rulesys.FBRuleInfGraph - addBRule: Adding rule [ (?a rdf:type <http://example.org/Person>) -> (?a rdf:type owl:Thing) ]
2026-03-13 17:19:24 [tsf.umontpellier.fr.RDFOWLReasoning.main()] DEBUG o.a.j.r.rulesys.FBRuleInfGraph - addBRule: Adding rule [ prototype2b: (258af00b-588b-4b1b-bbb8-6747d555820d rdf:type ?d) -> (<http://example.org/Person> rdfs:subClassOf ?d) ]
2026-03-13 17:19:24 [tsf.umontpellier.fr.RDFOWLReasoning.main()] DEBUG o.a.j.r.rulesys.FBRuleInfGraph - addBRule: Adding rule [ (?a rdf:type <http://example.org/Person>) -> (?a rdf:type <http://example.org/Human>) ]
2026-03-13 17:19:24 [tsf.umontpellier.fr.RDFOWLReasoning.main()] DEBUG o.a.j.r.rulesys.FBRuleInfGraph - addBRule: Adding rule [ (?a rdf:type <http://example.org/Employee>) -> (?a rdf:type owl:Thing) ]
2026-03-13 17:19:24 [tsf.umontpellier.fr.RDFOWLReasoning.main()] DEBUG o.a.j.r.rulesys.FBRuleInfGraph - addBRule: Adding rule [ prototype2b: (335c8b94-40fe-4929-bb55-e63c6e1dcc55 rdf:type ?d) -> (<http://example.org/Employee> rdfs:subClassOf ?d) ]
2026-03-13 17:19:24 [tsf.umontpellier.fr.RDFOWLReasoning.main()] DEBUG o.a.j.r.rulesys.FBRuleInfGraph - addBRule: Adding rule [ (?a rdf:type <http://example.org/Employee>) -> (?a rdf:type <http://example.org/Person>) ]
2026-03-13 17:19:24 [tsf.umontpellier.fr.RDFOWLReasoning.main()] DEBUG o.a.j.r.rulesys.FBRuleInfGraph - addBRule: Adding rule [ (?a rdf:type <http://example.org/Device>) -> (?a rdf:type owl:Thing) ]
2026-03-13 17:19:24 [tsf.umontpellier.fr.RDFOWLReasoning.main()] DEBUG o.a.j.r.rulesys.FBRuleInfGraph - addBRule: Adding rule [ prototype2b: (0d9e46d9-7b61-44a2-a8d2-6d15f8bbd224 rdf:type ?d) -> (<http://example.org/Device> rdfs:subClassOf ?d) ]
2026-03-13 17:19:24 [tsf.umontpellier.fr.RDFOWLReasoning.main()] DEBUG o.a.j.r.rulesys.FBRuleInfGraph - addBRule: Adding rule [ (?x <http://example.org/heartRateBPM> ?y) -> (?x rdf:type <http://example.org/Patient>) ]
2026-03-13 17:19:24 [tsf.umontpellier.fr.RDFOWLReasoning.main()] DEBUG o.a.j.r.rulesys.FBRuleInfGraph - addBRule: Adding rule [ (?x <http://example.org/heartRateBPM> ?y) notFunctor(?y) -> (?y rdf:type xsd:integer) ]
2026-03-13 17:19:24 [tsf.umontpellier.fr.RDFOWLReasoning.main()] DEBUG o.a.j.r.rulesys.FBRuleInfGraph - addBRule: Adding rule [ (?x <http://example.org/worksAt> ?y) -> (?x rdf:type <http://example.org/Employee>) ]
2026-03-13 17:19:24 [tsf.umontpellier.fr.RDFOWLReasoning.main()] DEBUG o.a.j.r.rulesys.FBRuleInfGraph - addBRule: Adding rule [ (?x <http://example.org/worksAt> ?y) notFunctor(?y) -> (?y rdf:type owl:Thing) ]
2026-03-13 17:19:24 [tsf.umontpellier.fr.RDFOWLReasoning.main()] DEBUG o.a.j.r.rulesys.FBRuleInfGraph - addBRule: Adding rule [ (?a rdf:type <http://example.org/Patient>) -> (?a rdf:type owl:Thing) ]
2026-03-13 17:19:24 [tsf.umontpellier.fr.RDFOWLReasoning.main()] DEBUG o.a.j.r.rulesys.FBRuleInfGraph - addBRule: Adding rule [ prototype2b: (03a4c0e3-23a2-41c5-8e12-c19ed5cba0bd rdf:type ?d) -> (<http://example.org/Patient> rdfs:subClassOf ?d) ]
2026-03-13 17:19:24 [tsf.umontpellier.fr.RDFOWLReasoning.main()] DEBUG o.a.j.r.rulesys.FBRuleInfGraph - addBRule: Adding rule [ (?a rdf:type <http://example.org/Patient>) -> (?a rdf:type <http://example.org/Person>) ]
2026-03-13 17:19:24 [tsf.umontpellier.fr.RDFOWLReasoning.main()] DEBUG o.a.j.r.rulesys.FBRuleInfGraph - addBRule: Adding rule [ (?x <http://example.org/stepsTakenToday> ?y) -> (?x rdf:type <http://example.org/Patient>) ]
2026-03-13 17:19:24 [tsf.umontpellier.fr.RDFOWLReasoning.main()] DEBUG o.a.j.r.rulesys.FBRuleInfGraph - addBRule: Adding rule [ (?x <http://example.org/stepsTakenToday> ?y) notFunctor(?y) -> (?y rdf:type xsd:integer) ]
2026-03-13 17:19:24 [tsf.umontpellier.fr.RDFOWLReasoning.main()] DEBUG o.a.j.r.rulesys.FBRuleInfGraph - addBRule: Adding rule [ (?x <http://example.org/hasID> ?y) -> (?x rdf:type <http://example.org/Person>) ]
2026-03-13 17:19:24 [tsf.umontpellier.fr.RDFOWLReasoning.main()] DEBUG o.a.j.r.rulesys.FBRuleInfGraph - addBRule: Adding rule [ (?x <http://example.org/hasID> ?y) notFunctor(?y) -> (?y rdf:type xsd:string) ]
2026-03-13 17:19:24 [tsf.umontpellier.fr.RDFOWLReasoning.main()] DEBUG o.a.j.r.rulesys.FBRuleInfGraph - addBRule: Adding rule [ (?x <http://example.org/hasName> ?y) -> (?x rdf:type <http://example.org/Person>) ]
2026-03-13 17:19:24 [tsf.umontpellier.fr.RDFOWLReasoning.main()] DEBUG o.a.j.r.rulesys.FBRuleInfGraph - addBRule: Adding rule [ (?x <http://example.org/hasName> ?y) notFunctor(?y) -> (?y rdf:type xsd:string) ]
2026-03-13 17:19:24 [tsf.umontpellier.fr.RDFOWLReasoning.main()] DEBUG o.a.j.r.rulesys.FBRuleInfGraph - addBRule: Adding rule [ (?x <http://example.org/bloodPressure> ?y) -> (?x rdf:type <http://example.org/Patient>) ]
2026-03-13 17:19:24 [tsf.umontpellier.fr.RDFOWLReasoning.main()] DEBUG o.a.j.r.rulesys.FBRuleInfGraph - addBRule: Adding rule [ (?x <http://example.org/bloodPressure> ?y) notFunctor(?y) -> (?y rdf:type xsd:string) ]
2026-03-13 17:24:35 [tsf.umontpellier.fr.RDFOWLReasoning.main()] DEBUG o.a.j.r.s.stream.JenaIOEnvironment - createLocationMapper: Failed to find configuration: location-mapping.ttl;location-mapping.rdf;etc/location-mapping.rdf;etc/location-mapping.ttl
2026-03-13 17:24:35 [tsf.umontpellier.fr.RDFOWLReasoning.main()] DEBUG o.a.j.r.system.stream.StreamManager - mapURI: Not mapped: src/main/resources/owlDemoSchema.ttl
2026-03-13 17:24:35 [tsf.umontpellier.fr.RDFOWLReasoning.main()] DEBUG o.a.j.r.system.stream.StreamManager - openNoMapOrNull: Found: src/main/resources/owlDemoSchema.ttl (LocatorFile)
2026-03-13 17:24:35 [tsf.umontpellier.fr.RDFOWLReasoning.main()] DEBUG o.a.j.r.system.stream.StreamManager - mapURI: Not mapped: src/main/resources/owlDemoData.ttl
2026-03-13 17:24:35 [tsf.umontpellier.fr.RDFOWLReasoning.main()] DEBUG o.a.j.r.system.stream.StreamManager - openNoMapOrNull: Found: src/main/resources/owlDemoData.ttl (LocatorFile)
2026-03-13 17:24:35 [tsf.umontpellier.fr.RDFOWLReasoning.main()] DEBUG o.a.j.r.rulesys.FBRuleInfGraph - addBRule: Adding rule [ (?a rdf:type xsd:integer) -> (?a rdf:type xsd:decimal) ]
2026-03-13 17:24:35 [tsf.umontpellier.fr.RDFOWLReasoning.main()] DEBUG o.a.j.r.rulesys.FBRuleInfGraph - addBRule: Adding rule [ (?x owl:intersectionOf ?y) -> (?x rdf:type owl:Class) ]
2026-03-13 17:24:35 [tsf.umontpellier.fr.RDFOWLReasoning.main()] DEBUG o.a.j.r.rulesys.FBRuleInfGraph - addBRule: Adding rule [ (?a rdf:type owl:Class) -> (?a rdf:type rdfs:Resource) ]
2026-03-13 17:24:35 [tsf.umontpellier.fr.RDFOWLReasoning.main()] DEBUG o.a.j.r.rulesys.FBRuleInfGraph - addBRule: Adding rule [ symmetricProperty1b: (?Y owl:disjointWith ?X) -> (?X owl:disjointWith ?Y) ]
2026-03-13 17:24:35 [tsf.umontpellier.fr.RDFOWLReasoning.main()] DEBUG o.a.j.r.rulesys.FBRuleInfGraph - addBRule: Adding rule [ symmetricProperty1b: (?Y owl:differentFrom ?X) -> (?X owl:differentFrom ?Y) ]
2026-03-13 17:24:35 [tsf.umontpellier.fr.RDFOWLReasoning.main()] DEBUG o.a.j.r.rulesys.FBRuleInfGraph - addBRule: Adding rule [ (?x owl:incompatibleWith ?y) notFunctor(?y) -> (?y rdf:type owl:Ontology) ]
2026-03-13 17:24:35 [tsf.umontpellier.fr.RDFOWLReasoning.main()] DEBUG o.a.j.r.rulesys.FBRuleInfGraph - addBRule: Adding rule [ (?a rdf:type owl:Ontology) -> (?a rdf:type rdfs:Resource) ]
2026-03-13 17:24:35 [tsf.umontpellier.fr.RDFOWLReasoning.main()] DEBUG o.a.j.r.rulesys.FBRuleInfGraph - addBRule: Adding rule [ (?x owl:incompatibleWith ?y) -> (?x rdf:type owl:Ontology) ]
2026-03-13 17:24:35 [tsf.umontpellier.fr.RDFOWLReasoning.main()] DEBUG o.a.j.r.rulesys.FBRuleInfGraph - addBRule: Adding rule [ (?x owl:backwardCompatibleWith ?y) notFunctor(?y) -> (?y rdf:type owl:Ontology) ]
2026-03-13 17:24:35 [tsf.umontpellier.fr.RDFOWLReasoning.main()] DEBUG o.a.j.r.rulesys.FBRuleInfGraph - addBRule: Adding rule [ (?x owl:backwardCompatibleWith ?y) -> (?x rdf:type owl:Ontology) ]
2026-03-13 17:24:35 [tsf.umontpellier.fr.RDFOWLReasoning.main()] DEBUG o.a.j.r.rulesys.FBRuleInfGraph - addBRule: Adding rule [ (?x owl:priorVersion ?y) notFunctor(?y) -> (?y rdf:type owl:Ontology) ]
2026-03-13 17:24:35 [tsf.umontpellier.fr.RDFOWLReasoning.main()] DEBUG o.a.j.r.rulesys.FBRuleInfGraph - addBRule: Adding rule [ (?x owl:priorVersion ?y) -> (?x rdf:type owl:Ontology) ]
2026-03-13 17:24:35 [tsf.umontpellier.fr.RDFOWLReasoning.main()] DEBUG o.a.j.r.rulesys.FBRuleInfGraph - addBRule: Adding rule [ (?x owl:imports ?y) notFunctor(?y) -> (?y rdf:type owl:Ontology) ]
2026-03-13 17:24:35 [tsf.umontpellier.fr.RDFOWLReasoning.main()] DEBUG o.a.j.r.rulesys.FBRuleInfGraph - addBRule: Adding rule [ (?x owl:imports ?y) -> (?x rdf:type owl:Ontology) ]
2026-03-13 17:24:35 [tsf.umontpellier.fr.RDFOWLReasoning.main()] DEBUG o.a.j.r.rulesys.FBRuleInfGraph - addBRule: Adding rule [ (?a rdf:type owl:OntologyProperty) -> (?a rdf:type rdf:Property) ]
2026-03-13 17:24:35 [tsf.umontpellier.fr.RDFOWLReasoning.main()] DEBUG o.a.j.r.rulesys.FBRuleInfGraph - addBRule: Adding rule [ (?x owl:onProperty ?y) notFunctor(?y) -> (?y rdf:type owl:Property) ]
2026-03-13 17:24:35 [tsf.umontpellier.fr.RDFOWLReasoning.main()] DEBUG o.a.j.r.rulesys.FBRuleInfGraph - addBRule: Adding rule [ (?a rdf:type owl:Property) -> (?a rdf:type rdfs:Resource) ]
2026-03-13 17:24:35 [tsf.umontpellier.fr.RDFOWLReasoning.main()] DEBUG o.a.j.r.rulesys.FBRuleInfGraph - addBRule: Adding rule [ (?x owl:onProperty ?y) -> (?x rdf:type owl:Restriction) ]
2026-03-13 17:24:35 [tsf.umontpellier.fr.RDFOWLReasoning.main()] DEBUG o.a.j.r.rulesys.FBRuleInfGraph - addBRule: Adding rule [ (?a rdf:type owl:Restriction) -> (?a rdf:type rdfs:Resource) ]
2026-03-13 17:24:35 [tsf.umontpellier.fr.RDFOWLReasoning.main()] DEBUG o.a.j.r.rulesys.FBRuleInfGraph - addBRule: Adding rule [ symmetricProperty1b: (?Y owl:sameAs ?X) -> (?X owl:sameAs ?Y) ]
2026-03-13 17:24:35 [tsf.umontpellier.fr.RDFOWLReasoning.main()] DEBUG o.a.j.r.rulesys.FBRuleInfGraph - addBRule: Adding rule [ (?x owl:disjointWith ?y) notFunctor(?y) -> (?y rdf:type owl:Class) ]
2026-03-13 17:24:35 [tsf.umontpellier.fr.RDFOWLReasoning.main()] DEBUG o.a.j.r.rulesys.FBRuleInfGraph - addBRule: Adding rule [ (?x owl:disjointWith ?y) -> (?x rdf:type owl:Class) ]
2026-03-13 17:24:35 [tsf.umontpellier.fr.RDFOWLReasoning.main()] DEBUG o.a.j.r.rulesys.FBRuleInfGraph - addBRule: Adding rule [ (?x owl:equivalentClass ?y) notFunctor(?y) -> (?y rdf:type owl:Class) ]
2026-03-13 17:24:35 [tsf.umontpellier.fr.RDFOWLReasoning.main()] DEBUG o.a.j.r.rulesys.FBRuleInfGraph - addBRule: Adding rule [ (?x owl:equivalentClass ?y) -> (?x rdf:type owl:Class) ]
2026-03-13 17:24:35 [tsf.umontpellier.fr.RDFOWLReasoning.main()] DEBUG o.a.j.r.rulesys.FBRuleInfGraph - addBRule: Adding rule [ (?a rdf:type owl:Nothing) -> (?a rdf:type rdfs:Resource) ]
2026-03-13 17:24:35 [tsf.umontpellier.fr.RDFOWLReasoning.main()] DEBUG o.a.j.r.rulesys.FBRuleInfGraph - addBRule: Adding rule [ (?a rdf:type owl:Nothing) -> (?a rdf:type owl:Thing) ]
2026-03-13 17:24:35 [tsf.umontpellier.fr.RDFOWLReasoning.main()] DEBUG o.a.j.r.rulesys.FBRuleInfGraph - addBRule: Adding rule [ prototype2b: (b7ede0f2-144c-4b03-82b4-944326f477e1 rdf:type ?d) -> (owl:Thing rdfs:subClassOf ?d) ]
2026-03-13 17:24:35 [tsf.umontpellier.fr.RDFOWLReasoning.main()] DEBUG o.a.j.r.rulesys.FBRuleInfGraph - addBRule: Adding rule [ (?a rdf:type owl:Thing) -> (?a rdf:type rdfs:Resource) ]
2026-03-13 17:24:35 [tsf.umontpellier.fr.RDFOWLReasoning.main()] DEBUG o.a.j.r.rulesys.FBRuleInfGraph - addBRule: Adding rule [ (?a rdf:type owl:Restriction) -> (?a rdf:type owl:Class) ]
2026-03-13 17:24:35 [tsf.umontpellier.fr.RDFOWLReasoning.main()] DEBUG o.a.j.r.rulesys.FBRuleInfGraph - addBRule: Adding rule [ (?a rdf:type owl:Class) -> (?a rdf:type rdfs:Class) ]
2026-03-13 17:24:35 [tsf.umontpellier.fr.RDFOWLReasoning.main()] DEBUG o.a.j.r.rulesys.FBRuleInfGraph - addBRule: Adding rule [ (?x owl:oneOf ?y) -> (?x rdf:type owl:Class) ]
2026-03-13 17:24:35 [tsf.umontpellier.fr.RDFOWLReasoning.main()] DEBUG o.a.j.r.rulesys.FBRuleInfGraph - addBRule: Adding rule [ (?a rdf:type owl:SymmetricProperty) -> (?a rdf:type owl:ObjectProperty) ]
2026-03-13 17:24:35 [tsf.umontpellier.fr.RDFOWLReasoning.main()] DEBUG o.a.j.r.rulesys.FBRuleInfGraph - addBRule: Adding rule [ (?a rdf:type owl:TransitiveProperty) -> (?a rdf:type owl:ObjectProperty) ]
2026-03-13 17:24:35 [tsf.umontpellier.fr.RDFOWLReasoning.main()] DEBUG o.a.j.r.rulesys.FBRuleInfGraph - addBRule: Adding rule [ (?a rdf:type owl:InverseFunctionalProperty) -> (?a rdf:type owl:ObjectProperty) ]
2026-03-13 17:24:35 [tsf.umontpellier.fr.RDFOWLReasoning.main()] DEBUG o.a.j.r.rulesys.FBRuleInfGraph - addBRule: Adding rule [ (?a rdf:type owl:DatatypeProperty) -> (?a rdf:type rdf:Property) ]
2026-03-13 17:24:35 [tsf.umontpellier.fr.RDFOWLReasoning.main()] DEBUG o.a.j.r.rulesys.FBRuleInfGraph - addBRule: Adding rule [ (?a rdf:type owl:ObjectProperty) -> (?a rdf:type rdf:Property) ]
2026-03-13 17:24:35 [tsf.umontpellier.fr.RDFOWLReasoning.main()] DEBUG o.a.j.r.rulesys.FBRuleInfGraph - addBRule: Adding rule [ (?a rdf:type owl:FunctionalProperty) -> (?a rdf:type rdf:Property) ]
2026-03-13 17:24:35 [tsf.umontpellier.fr.RDFOWLReasoning.main()] DEBUG o.a.j.r.rulesys.FBRuleInfGraph - addBRule: Adding rule [ (?a rdf:type rdfs:Datatype) -> (?a rdf:type rdfs:Class) ]
2026-03-13 17:24:35 [tsf.umontpellier.fr.RDFOWLReasoning.main()] DEBUG o.a.j.r.rulesys.FBRuleInfGraph - addBRule: Adding rule [ (?a rdfs:isDefinedBy ?b) -> (?a rdfs:seeAlso ?b) ]
2026-03-13 17:24:35 [tsf.umontpellier.fr.RDFOWLReasoning.main()] DEBUG o.a.j.r.rulesys.FBRuleInfGraph - addBRule: Adding rule [ (?a rdf:type rdfs:ContainerMembershipProperty) -> (?a rdf:type rdf:Property) ]
2026-03-13 17:24:35 [tsf.umontpellier.fr.RDFOWLReasoning.main()] DEBUG o.a.j.r.rulesys.FBRuleInfGraph - addBRule: Adding rule [ (?a rdf:type rdf:Seq) -> (?a rdf:type rdfs:Container) ]
2026-03-13 17:24:35 [tsf.umontpellier.fr.RDFOWLReasoning.main()] DEBUG o.a.j.r.rulesys.FBRuleInfGraph - addBRule: Adding rule [ (?a rdf:type rdf:Bag) -> (?a rdf:type rdfs:Container) ]
2026-03-13 17:24:35 [tsf.umontpellier.fr.RDFOWLReasoning.main()] DEBUG o.a.j.r.rulesys.FBRuleInfGraph - addBRule: Adding rule [ (?a rdf:type rdf:Alt) -> (?a rdf:type rdfs:Container) ]
2026-03-13 17:24:35 [tsf.umontpellier.fr.RDFOWLReasoning.main()] DEBUG o.a.j.r.rulesys.FBRuleInfGraph - addBRule: Adding rule [ (?x rdf:rest ?y) notFunctor(?y) -> (?y rdf:type rdf:List) ]
2026-03-13 17:24:35 [tsf.umontpellier.fr.RDFOWLReasoning.main()] DEBUG o.a.j.r.rulesys.FBRuleInfGraph - addBRule: Adding rule [ (?a rdf:type rdf:List) -> (?a rdf:type rdfs:Resource) ]
2026-03-13 17:24:35 [tsf.umontpellier.fr.RDFOWLReasoning.main()] DEBUG o.a.j.r.rulesys.FBRuleInfGraph - addBRule: Adding rule [ (?x rdfs:range ?y) notFunctor(?y) -> (?y rdf:type rdfs:Class) ]
2026-03-13 17:24:35 [tsf.umontpellier.fr.RDFOWLReasoning.main()] DEBUG o.a.j.r.rulesys.FBRuleInfGraph - addBRule: Adding rule [ (?a rdf:type rdfs:Class) -> (?a rdf:type rdfs:Resource) ]
2026-03-13 17:24:35 [tsf.umontpellier.fr.RDFOWLReasoning.main()] DEBUG o.a.j.r.rulesys.FBRuleInfGraph - addBRule: Adding rule [ (?x rdfs:domain ?y) notFunctor(?y) -> (?y rdf:type rdfs:Class) ]
2026-03-13 17:24:35 [tsf.umontpellier.fr.RDFOWLReasoning.main()] DEBUG o.a.j.r.rulesys.FBRuleInfGraph - addBRule: Adding rule [ (?x rdfs:subClassOf ?y) notFunctor(?y) -> (?y rdf:type rdfs:Class) ]
2026-03-13 17:24:35 [tsf.umontpellier.fr.RDFOWLReasoning.main()] DEBUG o.a.j.r.rulesys.FBRuleInfGraph - addBRule: Adding rule [ (?x rdfs:subPropertyOf ?y) notFunctor(?y) -> (?y rdf:type rdf:Property) ]
2026-03-13 17:24:35 [tsf.umontpellier.fr.RDFOWLReasoning.main()] DEBUG o.a.j.r.rulesys.FBRuleInfGraph - addBRule: Adding rule [ (?a rdf:type rdf:Property) -> (?a rdf:type rdfs:Resource) ]
2026-03-13 17:24:35 [tsf.umontpellier.fr.RDFOWLReasoning.main()] DEBUG o.a.j.r.rulesys.FBRuleInfGraph - addBRule: Adding rule [ (?x rdf:rest ?y) -> (?x rdf:type rdf:List) ]
2026-03-13 17:24:35 [tsf.umontpellier.fr.RDFOWLReasoning.main()] DEBUG o.a.j.r.rulesys.FBRuleInfGraph - addBRule: Adding rule [ (?x rdf:first ?y) -> (?x rdf:type rdf:List) ]
2026-03-13 17:24:35 [tsf.umontpellier.fr.RDFOWLReasoning.main()] DEBUG o.a.j.r.rulesys.FBRuleInfGraph - addBRule: Adding rule [ (?x rdf:object ?y) -> (?x rdf:type rdf:Statement) ]
2026-03-13 17:24:35 [tsf.umontpellier.fr.RDFOWLReasoning.main()] DEBUG o.a.j.r.rulesys.FBRuleInfGraph - addBRule: Adding rule [ (?x rdf:predicate ?y) -> (?x rdf:type rdf:Statement) ]
2026-03-13 17:24:35 [tsf.umontpellier.fr.RDFOWLReasoning.main()] DEBUG o.a.j.r.rulesys.FBRuleInfGraph - addBRule: Adding rule [ (?x rdf:subject ?y) -> (?x rdf:type rdf:Statement) ]
2026-03-13 17:24:35 [tsf.umontpellier.fr.RDFOWLReasoning.main()] DEBUG o.a.j.r.rulesys.FBRuleInfGraph - addBRule: Adding rule [ (?x rdfs:range ?y) -> (?x rdf:type rdf:Property) ]
2026-03-13 17:24:35 [tsf.umontpellier.fr.RDFOWLReasoning.main()] DEBUG o.a.j.r.rulesys.FBRuleInfGraph - addBRule: Adding rule [ (?x rdfs:domain ?y) -> (?x rdf:type rdf:Property) ]
2026-03-13 17:24:35 [tsf.umontpellier.fr.RDFOWLReasoning.main()] DEBUG o.a.j.r.rulesys.FBRuleInfGraph - addBRule: Adding rule [ (?x rdfs:subClassOf ?y) -> (?x rdf:type rdfs:Class) ]
2026-03-13 17:24:35 [tsf.umontpellier.fr.RDFOWLReasoning.main()] DEBUG o.a.j.r.rulesys.FBRuleInfGraph - addBRule: Adding rule [ (?x rdfs:subPropertyOf ?y) -> (?x rdf:type rdf:Property) ]
2026-03-13 17:24:35 [tsf.umontpellier.fr.RDFOWLReasoning.main()] DEBUG o.a.j.r.rulesys.FBRuleInfGraph - addBRule: Adding rule [ (?a rdf:type rdf:Statement) -> (?a rdf:type rdfs:Resource) ]
2026-03-13 17:24:35 [tsf.umontpellier.fr.RDFOWLReasoning.main()] DEBUG o.a.j.r.rulesys.FBRuleInfGraph - addBRule: Adding rule [ (?a rdf:type rdfs:Literal) -> (?a rdf:type rdfs:Resource) ]
2026-03-13 17:24:35 [tsf.umontpellier.fr.RDFOWLReasoning.main()] DEBUG o.a.j.r.rulesys.FBRuleInfGraph - addBRule: Adding rule [ (?x rdf:type ?y) notFunctor(?y) -> (?y rdf:type rdfs:Class) ]
2026-03-13 17:24:35 [tsf.umontpellier.fr.RDFOWLReasoning.main()] DEBUG o.a.j.r.rulesys.FBRuleInfGraph - addBRule: Adding rule [ (?a rdf:type <http://example.org/MedicalMeasurement>) -> (?a rdf:type rdfs:Resource) ]
2026-03-13 17:24:35 [tsf.umontpellier.fr.RDFOWLReasoning.main()] DEBUG o.a.j.r.rulesys.FBRuleInfGraph - addBRule: Adding rule [ (?a rdf:type <http://example.org/MedicalMeasurement>) -> (?a rdf:type owl:Thing) ]
2026-03-13 17:24:35 [tsf.umontpellier.fr.RDFOWLReasoning.main()] DEBUG o.a.j.r.rulesys.FBRuleInfGraph - addBRule: Adding rule [ prototype2b: (3bb5f99e-33b6-48a8-a28d-8d2a14e69b09 rdf:type ?d) -> (<http://example.org/MedicalMeasurement> rdfs:subClassOf ?d) ]
2026-03-13 17:24:35 [tsf.umontpellier.fr.RDFOWLReasoning.main()] DEBUG o.a.j.r.rulesys.FBRuleInfGraph - addBRule: Adding rule [ (?a rdf:type <http://example.org/MedicalCondition>) -> (?a rdf:type rdfs:Resource) ]
2026-03-13 17:24:35 [tsf.umontpellier.fr.RDFOWLReasoning.main()] DEBUG o.a.j.r.rulesys.FBRuleInfGraph - addBRule: Adding rule [ (?a rdf:type <http://example.org/MedicalCondition>) -> (?a rdf:type owl:Thing) ]
2026-03-13 17:24:35 [tsf.umontpellier.fr.RDFOWLReasoning.main()] DEBUG o.a.j.r.rulesys.FBRuleInfGraph - addBRule: Adding rule [ prototype2b: (43a43cce-f020-4e83-a130-1ecf46bb1798 rdf:type ?d) -> (<http://example.org/MedicalCondition> rdfs:subClassOf ?d) ]
2026-03-13 17:24:35 [tsf.umontpellier.fr.RDFOWLReasoning.main()] DEBUG o.a.j.r.rulesys.FBRuleInfGraph - addBRule: Adding rule [ (?x <http://example.org/hasCondition> ?y) notFunctor(?y) -> (?y rdf:type owl:Thing) ]
2026-03-13 17:24:35 [tsf.umontpellier.fr.RDFOWLReasoning.main()] DEBUG o.a.j.r.rulesys.FBRuleInfGraph - addBRule: Adding rule [ (?x <http://example.org/hasCondition> ?y) -> (?x rdf:type owl:Thing) ]
2026-03-13 17:24:35 [tsf.umontpellier.fr.RDFOWLReasoning.main()] DEBUG o.a.j.r.rulesys.FBRuleInfGraph - addBRule: Adding rule [ (?x <http://example.org/hasCondition> ?y) -> (?x rdf:type <http://example.org/Patient>) ]
2026-03-13 17:24:35 [tsf.umontpellier.fr.RDFOWLReasoning.main()] DEBUG o.a.j.r.rulesys.FBRuleInfGraph - addBRule: Adding rule [ (?a rdf:type <http://example.org/Patient>) -> (?a rdf:type rdfs:Resource) ]
2026-03-13 17:24:35 [tsf.umontpellier.fr.RDFOWLReasoning.main()] DEBUG o.a.j.r.rulesys.FBRuleInfGraph - addBRule: Adding rule [ (?x <http://example.org/hasCondition> ?y) notFunctor(?y) -> (?y rdf:type <http://example.org/MedicalCondition>) ]
2026-03-13 17:24:35 [tsf.umontpellier.fr.RDFOWLReasoning.main()] DEBUG o.a.j.r.rulesys.FBRuleInfGraph - addBRule: Adding rule [ (?x <http://example.org/hasEmployee> ?y) notFunctor(?y) -> (?y rdf:type owl:Thing) ]
2026-03-13 17:24:35 [tsf.umontpellier.fr.RDFOWLReasoning.main()] DEBUG o.a.j.r.rulesys.FBRuleInfGraph - addBRule: Adding rule [ inverseOf2b: (?Y <http://example.org/worksAt> ?X) -> (?X <http://example.org/hasEmployee> ?Y) ]
2026-03-13 17:24:35 [tsf.umontpellier.fr.RDFOWLReasoning.main()] DEBUG o.a.j.r.rulesys.FBRuleInfGraph - addBRule: Adding rule [ (?x <http://example.org/worksAt> ?y) -> (?x rdf:type owl:Thing) ]
2026-03-13 17:24:35 [tsf.umontpellier.fr.RDFOWLReasoning.main()] DEBUG o.a.j.r.rulesys.FBRuleInfGraph - addBRule: Adding rule [ inverseOf2b: (?Y <http://example.org/hasEmployee> ?X) -> (?X <http://example.org/worksAt> ?Y) ]
2026-03-13 17:24:35 [tsf.umontpellier.fr.RDFOWLReasoning.main()] DEBUG o.a.j.r.rulesys.FBRuleInfGraph - addBRule: Adding rule [ (?x <http://example.org/hasEmployee> ?y) -> (?x rdf:type owl:Thing) ]
2026-03-13 17:24:35 [tsf.umontpellier.fr.RDFOWLReasoning.main()] DEBUG o.a.j.r.rulesys.FBRuleInfGraph - addBRule: Adding rule [ (?x <http://example.org/hasEmployee> ?y) notFunctor(?y) -> (?y rdf:type <http://example.org/Employee>) ]
2026-03-13 17:24:35 [tsf.umontpellier.fr.RDFOWLReasoning.main()] DEBUG o.a.j.r.rulesys.FBRuleInfGraph - addBRule: Adding rule [ (?a rdf:type <http://example.org/Employee>) -> (?a rdf:type rdfs:Resource) ]
2026-03-13 17:24:35 [tsf.umontpellier.fr.RDFOWLReasoning.main()] DEBUG o.a.j.r.rulesys.FBRuleInfGraph - addBRule: Adding rule [ (?x <http://example.org/bloodSugarLevel> ?y) -> (?x rdf:type <http://example.org/Patient>) ]
2026-03-13 17:24:35 [tsf.umontpellier.fr.RDFOWLReasoning.main()] DEBUG o.a.j.r.rulesys.FBRuleInfGraph - addBRule: Adding rule [ (?x <http://example.org/bloodSugarLevel> ?y) notFunctor(?y) -> (?y rdf:type xsd:decimal) ]
2026-03-13 17:24:35 [tsf.umontpellier.fr.RDFOWLReasoning.main()] DEBUG o.a.j.r.rulesys.FBRuleInfGraph - addBRule: Adding rule [ (?a rdf:type xsd:decimal) -> (?a rdf:type rdfs:Resource) ]
2026-03-13 17:24:35 [tsf.umontpellier.fr.RDFOWLReasoning.main()] DEBUG o.a.j.r.rulesys.FBRuleInfGraph - addBRule: Adding rule [ (?x <http://example.org/usesDevice> ?y) notFunctor(?y) -> (?y rdf:type owl:Thing) ]
2026-03-13 17:24:35 [tsf.umontpellier.fr.RDFOWLReasoning.main()] DEBUG o.a.j.r.rulesys.FBRuleInfGraph - addBRule: Adding rule [ (?x <http://example.org/usesDevice> ?y) -> (?x rdf:type owl:Thing) ]
2026-03-13 17:24:35 [tsf.umontpellier.fr.RDFOWLReasoning.main()] DEBUG o.a.j.r.rulesys.FBRuleInfGraph - addBRule: Adding rule [ (?x <http://example.org/usesDevice> ?y) -> (?x rdf:type <http://example.org/Patient>) ]
2026-03-13 17:24:35 [tsf.umontpellier.fr.RDFOWLReasoning.main()] DEBUG o.a.j.r.rulesys.FBRuleInfGraph - addBRule: Adding rule [ (?x <http://example.org/usesDevice> ?y) notFunctor(?y) -> (?y rdf:type <http://example.org/Device>) ]
2026-03-13 17:24:35 [tsf.umontpellier.fr.RDFOWLReasoning.main()] DEBUG o.a.j.r.rulesys.FBRuleInfGraph - addBRule: Adding rule [ (?a rdf:type <http://example.org/Device>) -> (?a rdf:type rdfs:Resource) ]
2026-03-13 17:24:35 [tsf.umontpellier.fr.RDFOWLReasoning.main()] DEBUG o.a.j.r.rulesys.FBRuleInfGraph - addBRule: Adding rule [ (?x <http://example.org/medicationPrescribed> ?y) -> (?x rdf:type <http://example.org/Patient>) ]
2026-03-13 17:24:35 [tsf.umontpellier.fr.RDFOWLReasoning.main()] DEBUG o.a.j.r.rulesys.FBRuleInfGraph - addBRule: Adding rule [ (?x <http://example.org/medicationPrescribed> ?y) notFunctor(?y) -> (?y rdf:type xsd:string) ]
2026-03-13 17:24:35 [tsf.umontpellier.fr.RDFOWLReasoning.main()] DEBUG o.a.j.r.rulesys.FBRuleInfGraph - addBRule: Adding rule [ (?a rdf:type xsd:string) -> (?a rdf:type rdfs:Resource) ]
2026-03-13 17:24:35 [tsf.umontpellier.fr.RDFOWLReasoning.main()] DEBUG o.a.j.r.rulesys.FBRuleInfGraph - addBRule: Adding rule [ (?x <http://example.org/hasAge> ?y) -> (?x rdf:type <http://example.org/Person>) ]
2026-03-13 17:24:35 [tsf.umontpellier.fr.RDFOWLReasoning.main()] DEBUG o.a.j.r.rulesys.FBRuleInfGraph - addBRule: Adding rule [ (?a rdf:type <http://example.org/Person>) -> (?a rdf:type rdfs:Resource) ]
2026-03-13 17:24:35 [tsf.umontpellier.fr.RDFOWLReasoning.main()] DEBUG o.a.j.r.rulesys.FBRuleInfGraph - addBRule: Adding rule [ (?x <http://example.org/hasAge> ?y) notFunctor(?y) -> (?y rdf:type xsd:integer) ]
2026-03-13 17:24:35 [tsf.umontpellier.fr.RDFOWLReasoning.main()] DEBUG o.a.j.r.rulesys.FBRuleInfGraph - addBRule: Adding rule [ (?a rdf:type xsd:integer) -> (?a rdf:type rdfs:Resource) ]
2026-03-13 17:24:35 [tsf.umontpellier.fr.RDFOWLReasoning.main()] DEBUG o.a.j.r.rulesys.FBRuleInfGraph - addBRule: Adding rule [ (?a rdf:type <http://example.org/Person>) -> (?a rdf:type owl:Thing) ]
2026-03-13 17:24:35 [tsf.umontpellier.fr.RDFOWLReasoning.main()] DEBUG o.a.j.r.rulesys.FBRuleInfGraph - addBRule: Adding rule [ prototype2b: (cf0a9c15-caa2-4da8-bdaa-c84ce671ecff rdf:type ?d) -> (<http://example.org/Person> rdfs:subClassOf ?d) ]
2026-03-13 17:24:35 [tsf.umontpellier.fr.RDFOWLReasoning.main()] DEBUG o.a.j.r.rulesys.FBRuleInfGraph - addBRule: Adding rule [ (?a rdf:type <http://example.org/Person>) -> (?a rdf:type <http://example.org/Human>) ]
2026-03-13 17:24:35 [tsf.umontpellier.fr.RDFOWLReasoning.main()] DEBUG o.a.j.r.rulesys.FBRuleInfGraph - addBRule: Adding rule [ (?a rdf:type <http://example.org/Employee>) -> (?a rdf:type owl:Thing) ]
2026-03-13 17:24:35 [tsf.umontpellier.fr.RDFOWLReasoning.main()] DEBUG o.a.j.r.rulesys.FBRuleInfGraph - addBRule: Adding rule [ prototype2b: (890fd4ad-888a-4c40-bcf9-d4338048530f rdf:type ?d) -> (<http://example.org/Employee> rdfs:subClassOf ?d) ]
2026-03-13 17:24:35 [tsf.umontpellier.fr.RDFOWLReasoning.main()] DEBUG o.a.j.r.rulesys.FBRuleInfGraph - addBRule: Adding rule [ (?a rdf:type <http://example.org/Employee>) -> (?a rdf:type <http://example.org/Person>) ]
2026-03-13 17:24:35 [tsf.umontpellier.fr.RDFOWLReasoning.main()] DEBUG o.a.j.r.rulesys.FBRuleInfGraph - addBRule: Adding rule [ (?a rdf:type <http://example.org/Device>) -> (?a rdf:type owl:Thing) ]
2026-03-13 17:24:35 [tsf.umontpellier.fr.RDFOWLReasoning.main()] DEBUG o.a.j.r.rulesys.FBRuleInfGraph - addBRule: Adding rule [ prototype2b: (32f884e2-148c-47ba-aaec-0f01f4320912 rdf:type ?d) -> (<http://example.org/Device> rdfs:subClassOf ?d) ]
2026-03-13 17:24:35 [tsf.umontpellier.fr.RDFOWLReasoning.main()] DEBUG o.a.j.r.rulesys.FBRuleInfGraph - addBRule: Adding rule [ (?x <http://example.org/heartRateBPM> ?y) -> (?x rdf:type <http://example.org/Patient>) ]
2026-03-13 17:24:35 [tsf.umontpellier.fr.RDFOWLReasoning.main()] DEBUG o.a.j.r.rulesys.FBRuleInfGraph - addBRule: Adding rule [ (?x <http://example.org/heartRateBPM> ?y) notFunctor(?y) -> (?y rdf:type xsd:integer) ]
2026-03-13 17:24:35 [tsf.umontpellier.fr.RDFOWLReasoning.main()] DEBUG o.a.j.r.rulesys.FBRuleInfGraph - addBRule: Adding rule [ (?x <http://example.org/worksAt> ?y) -> (?x rdf:type <http://example.org/Employee>) ]
2026-03-13 17:24:35 [tsf.umontpellier.fr.RDFOWLReasoning.main()] DEBUG o.a.j.r.rulesys.FBRuleInfGraph - addBRule: Adding rule [ (?x <http://example.org/worksAt> ?y) notFunctor(?y) -> (?y rdf:type owl:Thing) ]
2026-03-13 17:24:35 [tsf.umontpellier.fr.RDFOWLReasoning.main()] DEBUG o.a.j.r.rulesys.FBRuleInfGraph - addBRule: Adding rule [ (?a rdf:type <http://example.org/Patient>) -> (?a rdf:type owl:Thing) ]
2026-03-13 17:24:35 [tsf.umontpellier.fr.RDFOWLReasoning.main()] DEBUG o.a.j.r.rulesys.FBRuleInfGraph - addBRule: Adding rule [ prototype2b: (d209d5cd-0556-4f5f-aab6-f6f54ba38177 rdf:type ?d) -> (<http://example.org/Patient> rdfs:subClassOf ?d) ]
2026-03-13 17:24:35 [tsf.umontpellier.fr.RDFOWLReasoning.main()] DEBUG o.a.j.r.rulesys.FBRuleInfGraph - addBRule: Adding rule [ (?a rdf:type <http://example.org/Patient>) -> (?a rdf:type <http://example.org/Person>) ]
2026-03-13 17:24:35 [tsf.umontpellier.fr.RDFOWLReasoning.main()] DEBUG o.a.j.r.rulesys.FBRuleInfGraph - addBRule: Adding rule [ (?x <http://example.org/stepsTakenToday> ?y) -> (?x rdf:type <http://example.org/Patient>) ]
2026-03-13 17:24:35 [tsf.umontpellier.fr.RDFOWLReasoning.main()] DEBUG o.a.j.r.rulesys.FBRuleInfGraph - addBRule: Adding rule [ (?x <http://example.org/stepsTakenToday> ?y) notFunctor(?y) -> (?y rdf:type xsd:integer) ]
2026-03-13 17:24:35 [tsf.umontpellier.fr.RDFOWLReasoning.main()] DEBUG o.a.j.r.rulesys.FBRuleInfGraph - addBRule: Adding rule [ (?x <http://example.org/hasID> ?y) -> (?x rdf:type <http://example.org/Person>) ]
2026-03-13 17:24:35 [tsf.umontpellier.fr.RDFOWLReasoning.main()] DEBUG o.a.j.r.rulesys.FBRuleInfGraph - addBRule: Adding rule [ (?x <http://example.org/hasID> ?y) notFunctor(?y) -> (?y rdf:type xsd:string) ]
2026-03-13 17:24:35 [tsf.umontpellier.fr.RDFOWLReasoning.main()] DEBUG o.a.j.r.rulesys.FBRuleInfGraph - addBRule: Adding rule [ (?x <http://example.org/hasName> ?y) -> (?x rdf:type <http://example.org/Person>) ]
2026-03-13 17:24:35 [tsf.umontpellier.fr.RDFOWLReasoning.main()] DEBUG o.a.j.r.rulesys.FBRuleInfGraph - addBRule: Adding rule [ (?x <http://example.org/hasName> ?y) notFunctor(?y) -> (?y rdf:type xsd:string) ]
2026-03-13 17:24:35 [tsf.umontpellier.fr.RDFOWLReasoning.main()] DEBUG o.a.j.r.rulesys.FBRuleInfGraph - addBRule: Adding rule [ (?x <http://example.org/bloodPressure> ?y) -> (?x rdf:type <http://example.org/Patient>) ]
2026-03-13 17:24:35 [tsf.umontpellier.fr.RDFOWLReasoning.main()] DEBUG o.a.j.r.rulesys.FBRuleInfGraph - addBRule: Adding rule [ (?x <http://example.org/bloodPressure> ?y) notFunctor(?y) -> (?y rdf:type xsd:string) ]
2026-03-13 20:42:08 [tsf.umontpellier.fr.RDFOWLReasoningExo2.main()] DEBUG o.a.j.r.s.stream.JenaIOEnvironment - createLocationMapper: Failed to find configuration: location-mapping.ttl;location-mapping.rdf;etc/location-mapping.rdf;etc/location-mapping.ttl
2026-03-13 20:42:08 [tsf.umontpellier.fr.RDFOWLReasoningExo2.main()] DEBUG o.a.j.r.system.stream.StreamManager - mapURI: Not mapped: src/main/resources/owlExo2Schema.ttl
2026-03-13 20:42:08 [tsf.umontpellier.fr.RDFOWLReasoningExo2.main()] DEBUG o.a.j.r.system.stream.StreamManager - openNoMapOrNull: Found: src/main/resources/owlExo2Schema.ttl (LocatorFile)
2026-03-13 20:42:08 [tsf.umontpellier.fr.RDFOWLReasoningExo2.main()] DEBUG o.a.j.r.system.stream.StreamManager - mapURI: Not mapped: src/main/resources/owlExo2Data.ttl
2026-03-13 20:42:08 [tsf.umontpellier.fr.RDFOWLReasoningExo2.main()] DEBUG o.a.j.r.system.stream.StreamManager - openNoMapOrNull: Found: src/main/resources/owlExo2Data.ttl (LocatorFile)
2026-03-13 20:42:08 [tsf.umontpellier.fr.RDFOWLReasoningExo2.main()] DEBUG o.a.j.r.rulesys.FBRuleInfGraph - addBRule: Adding rule [ (?a rdf:type xsd:integer) -> (?a rdf:type xsd:decimal) ]
2026-03-13 20:42:08 [tsf.umontpellier.fr.RDFOWLReasoningExo2.main()] DEBUG o.a.j.r.rulesys.FBRuleInfGraph - addBRule: Adding rule [ (?x owl:intersectionOf ?y) -> (?x rdf:type owl:Class) ]
2026-03-13 20:42:08 [tsf.umontpellier.fr.RDFOWLReasoningExo2.main()] DEBUG o.a.j.r.rulesys.FBRuleInfGraph - addBRule: Adding rule [ (?a rdf:type owl:Class) -> (?a rdf:type rdfs:Resource) ]
2026-03-13 20:42:08 [tsf.umontpellier.fr.RDFOWLReasoningExo2.main()] DEBUG o.a.j.r.rulesys.FBRuleInfGraph - addBRule: Adding rule [ symmetricProperty1b: (?Y owl:disjointWith ?X) -> (?X owl:disjointWith ?Y) ]
2026-03-13 20:42:08 [tsf.umontpellier.fr.RDFOWLReasoningExo2.main()] DEBUG o.a.j.r.rulesys.FBRuleInfGraph - addBRule: Adding rule [ symmetricProperty1b: (?Y owl:differentFrom ?X) -> (?X owl:differentFrom ?Y) ]
2026-03-13 20:42:08 [tsf.umontpellier.fr.RDFOWLReasoningExo2.main()] DEBUG o.a.j.r.rulesys.FBRuleInfGraph - addBRule: Adding rule [ (?x owl:incompatibleWith ?y) notFunctor(?y) -> (?y rdf:type owl:Ontology) ]
2026-03-13 20:42:08 [tsf.umontpellier.fr.RDFOWLReasoningExo2.main()] DEBUG o.a.j.r.rulesys.FBRuleInfGraph - addBRule: Adding rule [ (?a rdf:type owl:Ontology) -> (?a rdf:type rdfs:Resource) ]
2026-03-13 20:42:08 [tsf.umontpellier.fr.RDFOWLReasoningExo2.main()] DEBUG o.a.j.r.rulesys.FBRuleInfGraph - addBRule: Adding rule [ (?x owl:incompatibleWith ?y) -> (?x rdf:type owl:Ontology) ]
2026-03-13 20:42:08 [tsf.umontpellier.fr.RDFOWLReasoningExo2.main()] DEBUG o.a.j.r.rulesys.FBRuleInfGraph - addBRule: Adding rule [ (?x owl:backwardCompatibleWith ?y) notFunctor(?y) -> (?y rdf:type owl:Ontology) ]
2026-03-13 20:42:08 [tsf.umontpellier.fr.RDFOWLReasoningExo2.main()] DEBUG o.a.j.r.rulesys.FBRuleInfGraph - addBRule: Adding rule [ (?x owl:backwardCompatibleWith ?y) -> (?x rdf:type owl:Ontology) ]
2026-03-13 20:42:08 [tsf.umontpellier.fr.RDFOWLReasoningExo2.main()] DEBUG o.a.j.r.rulesys.FBRuleInfGraph - addBRule: Adding rule [ (?x owl:priorVersion ?y) notFunctor(?y) -> (?y rdf:type owl:Ontology) ]
2026-03-13 20:42:08 [tsf.umontpellier.fr.RDFOWLReasoningExo2.main()] DEBUG o.a.j.r.rulesys.FBRuleInfGraph - addBRule: Adding rule [ (?x owl:priorVersion ?y) -> (?x rdf:type owl:Ontology) ]
2026-03-13 20:42:08 [tsf.umontpellier.fr.RDFOWLReasoningExo2.main()] DEBUG o.a.j.r.rulesys.FBRuleInfGraph - addBRule: Adding rule [ (?x owl:imports ?y) notFunctor(?y) -> (?y rdf:type owl:Ontology) ]
2026-03-13 20:42:08 [tsf.umontpellier.fr.RDFOWLReasoningExo2.main()] DEBUG o.a.j.r.rulesys.FBRuleInfGraph - addBRule: Adding rule [ (?x owl:imports ?y) -> (?x rdf:type owl:Ontology) ]
2026-03-13 20:42:08 [tsf.umontpellier.fr.RDFOWLReasoningExo2.main()] DEBUG o.a.j.r.rulesys.FBRuleInfGraph - addBRule: Adding rule [ (?a rdf:type owl:OntologyProperty) -> (?a rdf:type rdf:Property) ]
2026-03-13 20:42:08 [tsf.umontpellier.fr.RDFOWLReasoningExo2.main()] DEBUG o.a.j.r.rulesys.FBRuleInfGraph - addBRule: Adding rule [ (?x owl:onProperty ?y) notFunctor(?y) -> (?y rdf:type owl:Property) ]
2026-03-13 20:42:08 [tsf.umontpellier.fr.RDFOWLReasoningExo2.main()] DEBUG o.a.j.r.rulesys.FBRuleInfGraph - addBRule: Adding rule [ (?a rdf:type owl:Property) -> (?a rdf:type rdfs:Resource) ]
2026-03-13 20:42:08 [tsf.umontpellier.fr.RDFOWLReasoningExo2.main()] DEBUG o.a.j.r.rulesys.FBRuleInfGraph - addBRule: Adding rule [ (?x owl:onProperty ?y) -> (?x rdf:type owl:Restriction) ]
2026-03-13 20:42:08 [tsf.umontpellier.fr.RDFOWLReasoningExo2.main()] DEBUG o.a.j.r.rulesys.FBRuleInfGraph - addBRule: Adding rule [ (?a rdf:type owl:Restriction) -> (?a rdf:type rdfs:Resource) ]
2026-03-13 20:42:08 [tsf.umontpellier.fr.RDFOWLReasoningExo2.main()] DEBUG o.a.j.r.rulesys.FBRuleInfGraph - addBRule: Adding rule [ symmetricProperty1b: (?Y owl:sameAs ?X) -> (?X owl:sameAs ?Y) ]
2026-03-13 20:42:08 [tsf.umontpellier.fr.RDFOWLReasoningExo2.main()] DEBUG o.a.j.r.rulesys.FBRuleInfGraph - addBRule: Adding rule [ (?x owl:disjointWith ?y) notFunctor(?y) -> (?y rdf:type owl:Class) ]
2026-03-13 20:42:08 [tsf.umontpellier.fr.RDFOWLReasoningExo2.main()] DEBUG o.a.j.r.rulesys.FBRuleInfGraph - addBRule: Adding rule [ (?x owl:disjointWith ?y) -> (?x rdf:type owl:Class) ]
2026-03-13 20:42:08 [tsf.umontpellier.fr.RDFOWLReasoningExo2.main()] DEBUG o.a.j.r.rulesys.FBRuleInfGraph - addBRule: Adding rule [ (?x owl:equivalentClass ?y) notFunctor(?y) -> (?y rdf:type owl:Class) ]
2026-03-13 20:42:08 [tsf.umontpellier.fr.RDFOWLReasoningExo2.main()] DEBUG o.a.j.r.rulesys.FBRuleInfGraph - addBRule: Adding rule [ (?x owl:equivalentClass ?y) -> (?x rdf:type owl:Class) ]
2026-03-13 20:42:08 [tsf.umontpellier.fr.RDFOWLReasoningExo2.main()] DEBUG o.a.j.r.rulesys.FBRuleInfGraph - addBRule: Adding rule [ (?a rdf:type owl:Nothing) -> (?a rdf:type rdfs:Resource) ]
2026-03-13 20:42:08 [tsf.umontpellier.fr.RDFOWLReasoningExo2.main()] DEBUG o.a.j.r.rulesys.FBRuleInfGraph - addBRule: Adding rule [ (?a rdf:type owl:Nothing) -> (?a rdf:type owl:Thing) ]
2026-03-13 20:42:08 [tsf.umontpellier.fr.RDFOWLReasoningExo2.main()] DEBUG o.a.j.r.rulesys.FBRuleInfGraph - addBRule: Adding rule [ prototype2b: (fc3e1e45-c99b-4116-a1a0-a7fa0f15d0fe rdf:type ?d) -> (owl:Thing rdfs:subClassOf ?d) ]
2026-03-13 20:42:08 [tsf.umontpellier.fr.RDFOWLReasoningExo2.main()] DEBUG o.a.j.r.rulesys.FBRuleInfGraph - addBRule: Adding rule [ (?a rdf:type owl:Thing) -> (?a rdf:type rdfs:Resource) ]
2026-03-13 20:42:08 [tsf.umontpellier.fr.RDFOWLReasoningExo2.main()] DEBUG o.a.j.r.rulesys.FBRuleInfGraph - addBRule: Adding rule [ (?a rdf:type owl:Restriction) -> (?a rdf:type owl:Class) ]
2026-03-13 20:42:08 [tsf.umontpellier.fr.RDFOWLReasoningExo2.main()] DEBUG o.a.j.r.rulesys.FBRuleInfGraph - addBRule: Adding rule [ (?a rdf:type owl:Class) -> (?a rdf:type rdfs:Class) ]
2026-03-13 20:42:08 [tsf.umontpellier.fr.RDFOWLReasoningExo2.main()] DEBUG o.a.j.r.rulesys.FBRuleInfGraph - addBRule: Adding rule [ (?x owl:oneOf ?y) -> (?x rdf:type owl:Class) ]
2026-03-13 20:42:08 [tsf.umontpellier.fr.RDFOWLReasoningExo2.main()] DEBUG o.a.j.r.rulesys.FBRuleInfGraph - addBRule: Adding rule [ (?a rdf:type owl:SymmetricProperty) -> (?a rdf:type owl:ObjectProperty) ]
2026-03-13 20:42:08 [tsf.umontpellier.fr.RDFOWLReasoningExo2.main()] DEBUG o.a.j.r.rulesys.FBRuleInfGraph - addBRule: Adding rule [ (?a rdf:type owl:TransitiveProperty) -> (?a rdf:type owl:ObjectProperty) ]
2026-03-13 20:42:08 [tsf.umontpellier.fr.RDFOWLReasoningExo2.main()] DEBUG o.a.j.r.rulesys.FBRuleInfGraph - addBRule: Adding rule [ (?a rdf:type owl:InverseFunctionalProperty) -> (?a rdf:type owl:ObjectProperty) ]
2026-03-13 20:42:08 [tsf.umontpellier.fr.RDFOWLReasoningExo2.main()] DEBUG o.a.j.r.rulesys.FBRuleInfGraph - addBRule: Adding rule [ (?a rdf:type owl:DatatypeProperty) -> (?a rdf:type rdf:Property) ]
2026-03-13 20:42:08 [tsf.umontpellier.fr.RDFOWLReasoningExo2.main()] DEBUG o.a.j.r.rulesys.FBRuleInfGraph - addBRule: Adding rule [ (?a rdf:type owl:ObjectProperty) -> (?a rdf:type rdf:Property) ]
2026-03-13 20:42:08 [tsf.umontpellier.fr.RDFOWLReasoningExo2.main()] DEBUG o.a.j.r.rulesys.FBRuleInfGraph - addBRule: Adding rule [ (?a rdf:type owl:FunctionalProperty) -> (?a rdf:type rdf:Property) ]
2026-03-13 20:42:08 [tsf.umontpellier.fr.RDFOWLReasoningExo2.main()] DEBUG o.a.j.r.rulesys.FBRuleInfGraph - addBRule: Adding rule [ (?a rdf:type rdfs:Datatype) -> (?a rdf:type rdfs:Class) ]
2026-03-13 20:42:08 [tsf.umontpellier.fr.RDFOWLReasoningExo2.main()] DEBUG o.a.j.r.rulesys.FBRuleInfGraph - addBRule: Adding rule [ (?a rdfs:isDefinedBy ?b) -> (?a rdfs:seeAlso ?b) ]
2026-03-13 20:42:08 [tsf.umontpellier.fr.RDFOWLReasoningExo2.main()] DEBUG o.a.j.r.rulesys.FBRuleInfGraph - addBRule: Adding rule [ (?a rdf:type rdfs:ContainerMembershipProperty) -> (?a rdf:type rdf:Property) ]
2026-03-13 20:42:08 [tsf.umontpellier.fr.RDFOWLReasoningExo2.main()] DEBUG o.a.j.r.rulesys.FBRuleInfGraph - addBRule: Adding rule [ (?a rdf:type rdf:Seq) -> (?a rdf:type rdfs:Container) ]
2026-03-13 20:42:08 [tsf.umontpellier.fr.RDFOWLReasoningExo2.main()] DEBUG o.a.j.r.rulesys.FBRuleInfGraph - addBRule: Adding rule [ (?a rdf:type rdf:Bag) -> (?a rdf:type rdfs:Container) ]
2026-03-13 20:42:08 [tsf.umontpellier.fr.RDFOWLReasoningExo2.main()] DEBUG o.a.j.r.rulesys.FBRuleInfGraph - addBRule: Adding rule [ (?a rdf:type rdf:Alt) -> (?a rdf:type rdfs:Container) ]
2026-03-13 20:42:08 [tsf.umontpellier.fr.RDFOWLReasoningExo2.main()] DEBUG o.a.j.r.rulesys.FBRuleInfGraph - addBRule: Adding rule [ (?x rdf:rest ?y) notFunctor(?y) -> (?y rdf:type rdf:List) ]
2026-03-13 20:42:08 [tsf.umontpellier.fr.RDFOWLReasoningExo2.main()] DEBUG o.a.j.r.rulesys.FBRuleInfGraph - addBRule: Adding rule [ (?a rdf:type rdf:List) -> (?a rdf:type rdfs:Resource) ]
2026-03-13 20:42:08 [tsf.umontpellier.fr.RDFOWLReasoningExo2.main()] DEBUG o.a.j.r.rulesys.FBRuleInfGraph - addBRule: Adding rule [ (?x rdfs:range ?y) notFunctor(?y) -> (?y rdf:type rdfs:Class) ]
2026-03-13 20:42:08 [tsf.umontpellier.fr.RDFOWLReasoningExo2.main()] DEBUG o.a.j.r.rulesys.FBRuleInfGraph - addBRule: Adding rule [ (?a rdf:type rdfs:Class) -> (?a rdf:type rdfs:Resource) ]
2026-03-13 20:42:08 [tsf.umontpellier.fr.RDFOWLReasoningExo2.main()] DEBUG o.a.j.r.rulesys.FBRuleInfGraph - addBRule: Adding rule [ (?x rdfs:domain ?y) notFunctor(?y) -> (?y rdf:type rdfs:Class) ]
2026-03-13 20:42:08 [tsf.umontpellier.fr.RDFOWLReasoningExo2.main()] DEBUG o.a.j.r.rulesys.FBRuleInfGraph - addBRule: Adding rule [ (?x rdfs:subClassOf ?y) notFunctor(?y) -> (?y rdf:type rdfs:Class) ]
2026-03-13 20:42:08 [tsf.umontpellier.fr.RDFOWLReasoningExo2.main()] DEBUG o.a.j.r.rulesys.FBRuleInfGraph - addBRule: Adding rule [ (?x rdfs:subPropertyOf ?y) notFunctor(?y) -> (?y rdf:type rdf:Property) ]
2026-03-13 20:42:08 [tsf.umontpellier.fr.RDFOWLReasoningExo2.main()] DEBUG o.a.j.r.rulesys.FBRuleInfGraph - addBRule: Adding rule [ (?a rdf:type rdf:Property) -> (?a rdf:type rdfs:Resource) ]
2026-03-13 20:42:08 [tsf.umontpellier.fr.RDFOWLReasoningExo2.main()] DEBUG o.a.j.r.rulesys.FBRuleInfGraph - addBRule: Adding rule [ (?x rdf:rest ?y) -> (?x rdf:type rdf:List) ]
2026-03-13 20:42:08 [tsf.umontpellier.fr.RDFOWLReasoningExo2.main()] DEBUG o.a.j.r.rulesys.FBRuleInfGraph - addBRule: Adding rule [ (?x rdf:first ?y) -> (?x rdf:type rdf:List) ]
2026-03-13 20:42:08 [tsf.umontpellier.fr.RDFOWLReasoningExo2.main()] DEBUG o.a.j.r.rulesys.FBRuleInfGraph - addBRule: Adding rule [ (?x rdf:object ?y) -> (?x rdf:type rdf:Statement) ]
2026-03-13 20:42:08 [tsf.umontpellier.fr.RDFOWLReasoningExo2.main()] DEBUG o.a.j.r.rulesys.FBRuleInfGraph - addBRule: Adding rule [ (?x rdf:predicate ?y) -> (?x rdf:type rdf:Statement) ]
2026-03-13 20:42:08 [tsf.umontpellier.fr.RDFOWLReasoningExo2.main()] DEBUG o.a.j.r.rulesys.FBRuleInfGraph - addBRule: Adding rule [ (?x rdf:subject ?y) -> (?x rdf:type rdf:Statement) ]
2026-03-13 20:42:08 [tsf.umontpellier.fr.RDFOWLReasoningExo2.main()] DEBUG o.a.j.r.rulesys.FBRuleInfGraph - addBRule: Adding rule [ (?x rdfs:range ?y) -> (?x rdf:type rdf:Property) ]
2026-03-13 20:42:08 [tsf.umontpellier.fr.RDFOWLReasoningExo2.main()] DEBUG o.a.j.r.rulesys.FBRuleInfGraph - addBRule: Adding rule [ (?x rdfs:domain ?y) -> (?x rdf:type rdf:Property) ]
2026-03-13 20:42:08 [tsf.umontpellier.fr.RDFOWLReasoningExo2.main()] DEBUG o.a.j.r.rulesys.FBRuleInfGraph - addBRule: Adding rule [ (?x rdfs:subClassOf ?y) -> (?x rdf:type rdfs:Class) ]
2026-03-13 20:42:08 [tsf.umontpellier.fr.RDFOWLReasoningExo2.main()] DEBUG o.a.j.r.rulesys.FBRuleInfGraph - addBRule: Adding rule [ (?x rdfs:subPropertyOf ?y) -> (?x rdf:type rdf:Property) ]
2026-03-13 20:42:08 [tsf.umontpellier.fr.RDFOWLReasoningExo2.main()] DEBUG o.a.j.r.rulesys.FBRuleInfGraph - addBRule: Adding rule [ (?a rdf:type rdf:Statement) -> (?a rdf:type rdfs:Resource) ]
2026-03-13 20:42:08 [tsf.umontpellier.fr.RDFOWLReasoningExo2.main()] DEBUG o.a.j.r.rulesys.FBRuleInfGraph - addBRule: Adding rule [ (?a rdf:type rdfs:Literal) -> (?a rdf:type rdfs:Resource) ]
2026-03-13 20:42:08 [tsf.umontpellier.fr.RDFOWLReasoningExo2.main()] DEBUG o.a.j.r.rulesys.FBRuleInfGraph - addBRule: Adding rule [ (?x rdf:type ?y) notFunctor(?y) -> (?y rdf:type rdfs:Class) ]
2026-03-13 20:42:08 [tsf.umontpellier.fr.RDFOWLReasoningExo2.main()] DEBUG o.a.j.r.rulesys.FBRuleInfGraph - addBRule: Adding rule [ prototype2b: (8abef314-03bc-4d43-8eb7-fbf23e0c982b rdf:type ?d) -> (<http://www.lirmm.fr/ulliana/movies#Director> rdfs:subClassOf ?d) ]
2026-03-13 20:42:08 [tsf.umontpellier.fr.RDFOWLReasoningExo2.main()] DEBUG o.a.j.r.rulesys.FBRuleInfGraph - addBRule: Adding rule [ (?a rdf:type <http://www.lirmm.fr/ulliana/movies#Director>) -> (?a rdf:type rdfs:Resource) ]
2026-03-13 20:42:08 [tsf.umontpellier.fr.RDFOWLReasoningExo2.main()] DEBUG o.a.j.r.rulesys.FBRuleInfGraph - addBRule: Adding rule [ (?a rdf:type <http://www.lirmm.fr/ulliana/movies#Director>) -> (?a rdf:type owl:Thing) ]
2026-03-13 20:42:08 [tsf.umontpellier.fr.RDFOWLReasoningExo2.main()] DEBUG o.a.j.r.rulesys.FBRuleInfGraph - addBRule: Adding rule [ (?a rdf:type <http://www.lirmm.fr/ulliana/movies#Director>) -> (?a rdf:type <http://www.lirmm.fr/ulliana/movies#Artist>) ]
2026-03-13 20:42:08 [tsf.umontpellier.fr.RDFOWLReasoningExo2.main()] DEBUG o.a.j.r.rulesys.FBRuleInfGraph - addBRule: Adding rule [ (?x <http://www.lirmm.fr/ulliana/movies#playsIn> ?y) -> (?x rdf:type <http://www.lirmm.fr/ulliana/movies#Actor>) ]
2026-03-13 20:42:08 [tsf.umontpellier.fr.RDFOWLReasoningExo2.main()] DEBUG o.a.j.r.rulesys.FBRuleInfGraph - addBRule: Adding rule [ (?a rdf:type <http://www.lirmm.fr/ulliana/movies#Actor>) -> (?a rdf:type rdfs:Resource) ]
2026-03-13 20:42:08 [tsf.umontpellier.fr.RDFOWLReasoningExo2.main()] DEBUG o.a.j.r.rulesys.FBRuleInfGraph - addBRule: Adding rule [ (?x <http://www.lirmm.fr/ulliana/movies#playsIn> ?y) notFunctor(?y) -> (?y rdf:type <http://www.lirmm.fr/ulliana/movies#Movie>) ]
2026-03-13 20:42:08 [tsf.umontpellier.fr.RDFOWLReasoningExo2.main()] DEBUG o.a.j.r.rulesys.FBRuleInfGraph - addBRule: Adding rule [ (?a rdf:type <http://www.lirmm.fr/ulliana/movies#Movie>) -> (?a rdf:type rdfs:Resource) ]
2026-03-13 20:42:08 [tsf.umontpellier.fr.RDFOWLReasoningExo2.main()] DEBUG o.a.j.r.rulesys.FBRuleInfGraph - addBRule: Adding rule [ prototype2b: (fff59f04-92e0-4056-a11f-c230ae0418ba rdf:type ?d) -> (<http://www.lirmm.fr/ulliana/movies#Actor> rdfs:subClassOf ?d) ]
2026-03-13 20:42:08 [tsf.umontpellier.fr.RDFOWLReasoningExo2.main()] DEBUG o.a.j.r.rulesys.FBRuleInfGraph - addBRule: Adding rule [ (?a rdf:type <http://www.lirmm.fr/ulliana/movies#Actor>) -> (?a rdf:type owl:Thing) ]
2026-03-13 20:42:08 [tsf.umontpellier.fr.RDFOWLReasoningExo2.main()] DEBUG o.a.j.r.rulesys.FBRuleInfGraph - addBRule: Adding rule [ (?x <http://www.lirmm.fr/ulliana/movies#directedBy> ?y) -> (?x rdf:type <http://www.lirmm.fr/ulliana/movies#Movie>) ]
2026-03-13 20:42:08 [tsf.umontpellier.fr.RDFOWLReasoningExo2.main()] DEBUG o.a.j.r.rulesys.FBRuleInfGraph - addBRule: Adding rule [ (?x <http://www.lirmm.fr/ulliana/movies#directedBy> ?y) notFunctor(?y) -> (?y rdf:type <http://www.lirmm.fr/ulliana/movies#Director>) ]
2026-03-13 20:42:08 [tsf.umontpellier.fr.RDFOWLReasoningExo2.main()] DEBUG o.a.j.r.rulesys.FBRuleInfGraph - addBRule: Adding rule [ prototype2b: (a3705a48-19f2-4391-9a67-7e179d669384 rdf:type ?d) -> (<http://www.lirmm.fr/ulliana/movies#Movie> rdfs:subClassOf ?d) ]
2026-03-13 20:42:08 [tsf.umontpellier.fr.RDFOWLReasoningExo2.main()] DEBUG o.a.j.r.rulesys.FBRuleInfGraph - addBRule: Adding rule [ (?a rdf:type <http://www.lirmm.fr/ulliana/movies#Movie>) -> (?a rdf:type owl:Thing) ]
2026-03-13 20:42:08 [tsf.umontpellier.fr.RDFOWLReasoningExo2.main()] DEBUG o.a.j.r.rulesys.FBRuleInfGraph - addBRule: Adding rule [ (?x <http://www.lirmm.fr/ulliana/movies#title> ?y) -> (?x rdf:type <http://www.lirmm.fr/ulliana/movies#Movie>) ]
2026-03-13 20:42:08 [tsf.umontpellier.fr.RDFOWLReasoningExo2.main()] DEBUG o.a.j.r.rulesys.FBRuleInfGraph - addBRule: Adding rule [ prototype2b: (c02c612c-3ba8-4426-9969-f219a35b3f56 rdf:type ?d) -> (<http://www.lirmm.fr/ulliana/movies#Artist> rdfs:subClassOf ?d) ]
2026-03-13 20:42:08 [tsf.umontpellier.fr.RDFOWLReasoningExo2.main()] DEBUG o.a.j.r.rulesys.FBRuleInfGraph - addBRule: Adding rule [ (?a rdf:type <http://www.lirmm.fr/ulliana/movies#Artist>) -> (?a rdf:type rdfs:Resource) ]
2026-03-13 20:42:08 [tsf.umontpellier.fr.RDFOWLReasoningExo2.main()] DEBUG o.a.j.r.rulesys.FBRuleInfGraph - addBRule: Adding rule [ (?a rdf:type <http://www.lirmm.fr/ulliana/movies#Artist>) -> (?a rdf:type owl:Thing) ]
2026-03-13 22:20:57 [tsf.umontpellier.fr.RDFOWLReasoningExo2.main()] DEBUG o.a.j.r.s.stream.JenaIOEnvironment - createLocationMapper: Failed to find configuration: location-mapping.ttl;location-mapping.rdf;etc/location-mapping.rdf;etc/location-mapping.ttl
2026-03-13 22:20:58 [tsf.umontpellier.fr.RDFOWLReasoningExo2.main()] DEBUG o.a.j.r.system.stream.StreamManager - mapURI: Not mapped: src/main/resources/owlExo2Schema.ttl
2026-03-13 22:20:58 [tsf.umontpellier.fr.RDFOWLReasoningExo2.main()] DEBUG o.a.j.r.system.stream.StreamManager - openNoMapOrNull: Found: src/main/resources/owlExo2Schema.ttl (LocatorFile)
2026-03-13 22:20:58 [tsf.umontpellier.fr.RDFOWLReasoningExo2.main()] DEBUG o.a.j.r.system.stream.StreamManager - mapURI: Not mapped: src/main/resources/owlExo2Data.ttl
2026-03-13 22:20:58 [tsf.umontpellier.fr.RDFOWLReasoningExo2.main()] DEBUG o.a.j.r.system.stream.StreamManager - openNoMapOrNull: Found: src/main/resources/owlExo2Data.ttl (LocatorFile)
2026-03-13 22:20:58 [tsf.umontpellier.fr.RDFOWLReasoningExo2.main()] DEBUG o.a.j.r.rulesys.FBRuleInfGraph - addBRule: Adding rule [ (?a rdf:type xsd:integer) -> (?a rdf:type xsd:decimal) ]
2026-03-13 22:20:58 [tsf.umontpellier.fr.RDFOWLReasoningExo2.main()] DEBUG o.a.j.r.rulesys.FBRuleInfGraph - addBRule: Adding rule [ (?x owl:intersectionOf ?y) -> (?x rdf:type owl:Class) ]
2026-03-13 22:20:58 [tsf.umontpellier.fr.RDFOWLReasoningExo2.main()] DEBUG o.a.j.r.rulesys.FBRuleInfGraph - addBRule: Adding rule [ (?a rdf:type owl:Class) -> (?a rdf:type rdfs:Resource) ]
2026-03-13 22:20:58 [tsf.umontpellier.fr.RDFOWLReasoningExo2.main()] DEBUG o.a.j.r.rulesys.FBRuleInfGraph - addBRule: Adding rule [ symmetricProperty1b: (?Y owl:disjointWith ?X) -> (?X owl:disjointWith ?Y) ]
2026-03-13 22:20:58 [tsf.umontpellier.fr.RDFOWLReasoningExo2.main()] DEBUG o.a.j.r.rulesys.FBRuleInfGraph - addBRule: Adding rule [ symmetricProperty1b: (?Y owl:differentFrom ?X) -> (?X owl:differentFrom ?Y) ]
2026-03-13 22:20:58 [tsf.umontpellier.fr.RDFOWLReasoningExo2.main()] DEBUG o.a.j.r.rulesys.FBRuleInfGraph - addBRule: Adding rule [ (?x owl:incompatibleWith ?y) notFunctor(?y) -> (?y rdf:type owl:Ontology) ]
2026-03-13 22:20:58 [tsf.umontpellier.fr.RDFOWLReasoningExo2.main()] DEBUG o.a.j.r.rulesys.FBRuleInfGraph - addBRule: Adding rule [ (?a rdf:type owl:Ontology) -> (?a rdf:type rdfs:Resource) ]
2026-03-13 22:20:58 [tsf.umontpellier.fr.RDFOWLReasoningExo2.main()] DEBUG o.a.j.r.rulesys.FBRuleInfGraph - addBRule: Adding rule [ (?x owl:incompatibleWith ?y) -> (?x rdf:type owl:Ontology) ]
2026-03-13 22:20:58 [tsf.umontpellier.fr.RDFOWLReasoningExo2.main()] DEBUG o.a.j.r.rulesys.FBRuleInfGraph - addBRule: Adding rule [ (?x owl:backwardCompatibleWith ?y) notFunctor(?y) -> (?y rdf:type owl:Ontology) ]
2026-03-13 22:20:58 [tsf.umontpellier.fr.RDFOWLReasoningExo2.main()] DEBUG o.a.j.r.rulesys.FBRuleInfGraph - addBRule: Adding rule [ (?x owl:backwardCompatibleWith ?y) -> (?x rdf:type owl:Ontology) ]
2026-03-13 22:20:58 [tsf.umontpellier.fr.RDFOWLReasoningExo2.main()] DEBUG o.a.j.r.rulesys.FBRuleInfGraph - addBRule: Adding rule [ (?x owl:priorVersion ?y) notFunctor(?y) -> (?y rdf:type owl:Ontology) ]
2026-03-13 22:20:58 [tsf.umontpellier.fr.RDFOWLReasoningExo2.main()] DEBUG o.a.j.r.rulesys.FBRuleInfGraph - addBRule: Adding rule [ (?x owl:priorVersion ?y) -> (?x rdf:type owl:Ontology) ]
2026-03-13 22:20:58 [tsf.umontpellier.fr.RDFOWLReasoningExo2.main()] DEBUG o.a.j.r.rulesys.FBRuleInfGraph - addBRule: Adding rule [ (?x owl:imports ?y) notFunctor(?y) -> (?y rdf:type owl:Ontology) ]
2026-03-13 22:20:58 [tsf.umontpellier.fr.RDFOWLReasoningExo2.main()] DEBUG o.a.j.r.rulesys.FBRuleInfGraph - addBRule: Adding rule [ (?x owl:imports ?y) -> (?x rdf:type owl:Ontology) ]
2026-03-13 22:20:58 [tsf.umontpellier.fr.RDFOWLReasoningExo2.main()] DEBUG o.a.j.r.rulesys.FBRuleInfGraph - addBRule: Adding rule [ (?a rdf:type owl:OntologyProperty) -> (?a rdf:type rdf:Property) ]
2026-03-13 22:20:58 [tsf.umontpellier.fr.RDFOWLReasoningExo2.main()] DEBUG o.a.j.r.rulesys.FBRuleInfGraph - addBRule: Adding rule [ (?x owl:onProperty ?y) notFunctor(?y) -> (?y rdf:type owl:Property) ]
2026-03-13 22:20:58 [tsf.umontpellier.fr.RDFOWLReasoningExo2.main()] DEBUG o.a.j.r.rulesys.FBRuleInfGraph - addBRule: Adding rule [ (?a rdf:type owl:Property) -> (?a rdf:type rdfs:Resource) ]
2026-03-13 22:20:58 [tsf.umontpellier.fr.RDFOWLReasoningExo2.main()] DEBUG o.a.j.r.rulesys.FBRuleInfGraph - addBRule: Adding rule [ (?x owl:onProperty ?y) -> (?x rdf:type owl:Restriction) ]
2026-03-13 22:20:58 [tsf.umontpellier.fr.RDFOWLReasoningExo2.main()] DEBUG o.a.j.r.rulesys.FBRuleInfGraph - addBRule: Adding rule [ (?a rdf:type owl:Restriction) -> (?a rdf:type rdfs:Resource) ]
2026-03-13 22:20:58 [tsf.umontpellier.fr.RDFOWLReasoningExo2.main()] DEBUG o.a.j.r.rulesys.FBRuleInfGraph - addBRule: Adding rule [ symmetricProperty1b: (?Y owl:sameAs ?X) -> (?X owl:sameAs ?Y) ]
2026-03-13 22:20:58 [tsf.umontpellier.fr.RDFOWLReasoningExo2.main()] DEBUG o.a.j.r.rulesys.FBRuleInfGraph - addBRule: Adding rule [ (?x owl:disjointWith ?y) notFunctor(?y) -> (?y rdf:type owl:Class) ]
2026-03-13 22:20:58 [tsf.umontpellier.fr.RDFOWLReasoningExo2.main()] DEBUG o.a.j.r.rulesys.FBRuleInfGraph - addBRule: Adding rule [ (?x owl:disjointWith ?y) -> (?x rdf:type owl:Class) ]
2026-03-13 22:20:58 [tsf.umontpellier.fr.RDFOWLReasoningExo2.main()] DEBUG o.a.j.r.rulesys.FBRuleInfGraph - addBRule: Adding rule [ (?x owl:equivalentClass ?y) notFunctor(?y) -> (?y rdf:type owl:Class) ]
2026-03-13 22:20:58 [tsf.umontpellier.fr.RDFOWLReasoningExo2.main()] DEBUG o.a.j.r.rulesys.FBRuleInfGraph - addBRule: Adding rule [ (?x owl:equivalentClass ?y) -> (?x rdf:type owl:Class) ]
2026-03-13 22:20:58 [tsf.umontpellier.fr.RDFOWLReasoningExo2.main()] DEBUG o.a.j.r.rulesys.FBRuleInfGraph - addBRule: Adding rule [ (?a rdf:type owl:Nothing) -> (?a rdf:type rdfs:Resource) ]
2026-03-13 22:20:58 [tsf.umontpellier.fr.RDFOWLReasoningExo2.main()] DEBUG o.a.j.r.rulesys.FBRuleInfGraph - addBRule: Adding rule [ (?a rdf:type owl:Nothing) -> (?a rdf:type owl:Thing) ]
2026-03-13 22:20:58 [tsf.umontpellier.fr.RDFOWLReasoningExo2.main()] DEBUG o.a.j.r.rulesys.FBRuleInfGraph - addBRule: Adding rule [ prototype2b: (e75532ac-4ad1-4584-bcb4-7df25a3a7793 rdf:type ?d) -> (owl:Thing rdfs:subClassOf ?d) ]
2026-03-13 22:20:58 [tsf.umontpellier.fr.RDFOWLReasoningExo2.main()] DEBUG o.a.j.r.rulesys.FBRuleInfGraph - addBRule: Adding rule [ (?a rdf:type owl:Thing) -> (?a rdf:type rdfs:Resource) ]
2026-03-13 22:20:58 [tsf.umontpellier.fr.RDFOWLReasoningExo2.main()] DEBUG o.a.j.r.rulesys.FBRuleInfGraph - addBRule: Adding rule [ (?a rdf:type owl:Restriction) -> (?a rdf:type owl:Class) ]
2026-03-13 22:20:58 [tsf.umontpellier.fr.RDFOWLReasoningExo2.main()] DEBUG o.a.j.r.rulesys.FBRuleInfGraph - addBRule: Adding rule [ (?a rdf:type owl:Class) -> (?a rdf:type rdfs:Class) ]
2026-03-13 22:20:58 [tsf.umontpellier.fr.RDFOWLReasoningExo2.main()] DEBUG o.a.j.r.rulesys.FBRuleInfGraph - addBRule: Adding rule [ (?x owl:oneOf ?y) -> (?x rdf:type owl:Class) ]
2026-03-13 22:20:58 [tsf.umontpellier.fr.RDFOWLReasoningExo2.main()] DEBUG o.a.j.r.rulesys.FBRuleInfGraph - addBRule: Adding rule [ (?a rdf:type owl:SymmetricProperty) -> (?a rdf:type owl:ObjectProperty) ]
2026-03-13 22:20:58 [tsf.umontpellier.fr.RDFOWLReasoningExo2.main()] DEBUG o.a.j.r.rulesys.FBRuleInfGraph - addBRule: Adding rule [ (?a rdf:type owl:TransitiveProperty) -> (?a rdf:type owl:ObjectProperty) ]
2026-03-13 22:20:58 [tsf.umontpellier.fr.RDFOWLReasoningExo2.main()] DEBUG o.a.j.r.rulesys.FBRuleInfGraph - addBRule: Adding rule [ (?a rdf:type owl:InverseFunctionalProperty) -> (?a rdf:type owl:ObjectProperty) ]
2026-03-13 22:20:58 [tsf.umontpellier.fr.RDFOWLReasoningExo2.main()] DEBUG o.a.j.r.rulesys.FBRuleInfGraph - addBRule: Adding rule [ (?a rdf:type owl:DatatypeProperty) -> (?a rdf:type rdf:Property) ]
2026-03-13 22:20:58 [tsf.umontpellier.fr.RDFOWLReasoningExo2.main()] DEBUG o.a.j.r.rulesys.FBRuleInfGraph - addBRule: Adding rule [ (?a rdf:type owl:ObjectProperty) -> (?a rdf:type rdf:Property) ]
2026-03-13 22:20:58 [tsf.umontpellier.fr.RDFOWLReasoningExo2.main()] DEBUG o.a.j.r.rulesys.FBRuleInfGraph - addBRule: Adding rule [ (?a rdf:type owl:FunctionalProperty) -> (?a rdf:type rdf:Property) ]
2026-03-13 22:20:58 [tsf.umontpellier.fr.RDFOWLReasoningExo2.main()] DEBUG o.a.j.r.rulesys.FBRuleInfGraph - addBRule: Adding rule [ (?a rdf:type rdfs:Datatype) -> (?a rdf:type rdfs:Class) ]
2026-03-13 22:20:58 [tsf.umontpellier.fr.RDFOWLReasoningExo2.main()] DEBUG o.a.j.r.rulesys.FBRuleInfGraph - addBRule: Adding rule [ (?a rdfs:isDefinedBy ?b) -> (?a rdfs:seeAlso ?b) ]
2026-03-13 22:20:58 [tsf.umontpellier.fr.RDFOWLReasoningExo2.main()] DEBUG o.a.j.r.rulesys.FBRuleInfGraph - addBRule: Adding rule [ (?a rdf:type rdfs:ContainerMembershipProperty) -> (?a rdf:type rdf:Property) ]
2026-03-13 22:20:58 [tsf.umontpellier.fr.RDFOWLReasoningExo2.main()] DEBUG o.a.j.r.rulesys.FBRuleInfGraph - addBRule: Adding rule [ (?a rdf:type rdf:Seq) -> (?a rdf:type rdfs:Container) ]
2026-03-13 22:20:58 [tsf.umontpellier.fr.RDFOWLReasoningExo2.main()] DEBUG o.a.j.r.rulesys.FBRuleInfGraph - addBRule: Adding rule [ (?a rdf:type rdf:Bag) -> (?a rdf:type rdfs:Container) ]
2026-03-13 22:20:58 [tsf.umontpellier.fr.RDFOWLReasoningExo2.main()] DEBUG o.a.j.r.rulesys.FBRuleInfGraph - addBRule: Adding rule [ (?a rdf:type rdf:Alt) -> (?a rdf:type rdfs:Container) ]
2026-03-13 22:20:58 [tsf.umontpellier.fr.RDFOWLReasoningExo2.main()] DEBUG o.a.j.r.rulesys.FBRuleInfGraph - addBRule: Adding rule [ (?x rdf:rest ?y) notFunctor(?y) -> (?y rdf:type rdf:List) ]
2026-03-13 22:20:58 [tsf.umontpellier.fr.RDFOWLReasoningExo2.main()] DEBUG o.a.j.r.rulesys.FBRuleInfGraph - addBRule: Adding rule [ (?a rdf:type rdf:List) -> (?a rdf:type rdfs:Resource) ]
2026-03-13 22:20:58 [tsf.umontpellier.fr.RDFOWLReasoningExo2.main()] DEBUG o.a.j.r.rulesys.FBRuleInfGraph - addBRule: Adding rule [ (?x rdfs:range ?y) notFunctor(?y) -> (?y rdf:type rdfs:Class) ]
2026-03-13 22:20:58 [tsf.umontpellier.fr.RDFOWLReasoningExo2.main()] DEBUG o.a.j.r.rulesys.FBRuleInfGraph - addBRule: Adding rule [ (?a rdf:type rdfs:Class) -> (?a rdf:type rdfs:Resource) ]
2026-03-13 22:20:58 [tsf.umontpellier.fr.RDFOWLReasoningExo2.main()] DEBUG o.a.j.r.rulesys.FBRuleInfGraph - addBRule: Adding rule [ (?x rdfs:domain ?y) notFunctor(?y) -> (?y rdf:type rdfs:Class) ]
2026-03-13 22:20:58 [tsf.umontpellier.fr.RDFOWLReasoningExo2.main()] DEBUG o.a.j.r.rulesys.FBRuleInfGraph - addBRule: Adding rule [ (?x rdfs:subClassOf ?y) notFunctor(?y) -> (?y rdf:type rdfs:Class) ]
2026-03-13 22:20:58 [tsf.umontpellier.fr.RDFOWLReasoningExo2.main()] DEBUG o.a.j.r.rulesys.FBRuleInfGraph - addBRule: Adding rule [ (?x rdfs:subPropertyOf ?y) notFunctor(?y) -> (?y rdf:type rdf:Property) ]
2026-03-13 22:20:58 [tsf.umontpellier.fr.RDFOWLReasoningExo2.main()] DEBUG o.a.j.r.rulesys.FBRuleInfGraph - addBRule: Adding rule [ (?a rdf:type rdf:Property) -> (?a rdf:type rdfs:Resource) ]
2026-03-13 22:20:58 [tsf.umontpellier.fr.RDFOWLReasoningExo2.main()] DEBUG o.a.j.r.rulesys.FBRuleInfGraph - addBRule: Adding rule [ (?x rdf:rest ?y) -> (?x rdf:type rdf:List) ]
2026-03-13 22:20:58 [tsf.umontpellier.fr.RDFOWLReasoningExo2.main()] DEBUG o.a.j.r.rulesys.FBRuleInfGraph - addBRule: Adding rule [ (?x rdf:first ?y) -> (?x rdf:type rdf:List) ]
2026-03-13 22:20:58 [tsf.umontpellier.fr.RDFOWLReasoningExo2.main()] DEBUG o.a.j.r.rulesys.FBRuleInfGraph - addBRule: Adding rule [ (?x rdf:object ?y) -> (?x rdf:type rdf:Statement) ]
2026-03-13 22:20:58 [tsf.umontpellier.fr.RDFOWLReasoningExo2.main()] DEBUG o.a.j.r.rulesys.FBRuleInfGraph - addBRule: Adding rule [ (?x rdf:predicate ?y) -> (?x rdf:type rdf:Statement) ]
2026-03-13 22:20:58 [tsf.umontpellier.fr.RDFOWLReasoningExo2.main()] DEBUG o.a.j.r.rulesys.FBRuleInfGraph - addBRule: Adding rule [ (?x rdf:subject ?y) -> (?x rdf:type rdf:Statement) ]
2026-03-13 22:20:58 [tsf.umontpellier.fr.RDFOWLReasoningExo2.main()] DEBUG o.a.j.r.rulesys.FBRuleInfGraph - addBRule: Adding rule [ (?x rdfs:range ?y) -> (?x rdf:type rdf:Property) ]
2026-03-13 22:20:58 [tsf.umontpellier.fr.RDFOWLReasoningExo2.main()] DEBUG o.a.j.r.rulesys.FBRuleInfGraph - addBRule: Adding rule [ (?x rdfs:domain ?y) -> (?x rdf:type rdf:Property) ]
2026-03-13 22:20:58 [tsf.umontpellier.fr.RDFOWLReasoningExo2.main()] DEBUG o.a.j.r.rulesys.FBRuleInfGraph - addBRule: Adding rule [ (?x rdfs:subClassOf ?y) -> (?x rdf:type rdfs:Class) ]
2026-03-13 22:20:58 [tsf.umontpellier.fr.RDFOWLReasoningExo2.main()] DEBUG o.a.j.r.rulesys.FBRuleInfGraph - addBRule: Adding rule [ (?x rdfs:subPropertyOf ?y) -> (?x rdf:type rdf:Property) ]
2026-03-13 22:20:58 [tsf.umontpellier.fr.RDFOWLReasoningExo2.main()] DEBUG o.a.j.r.rulesys.FBRuleInfGraph - addBRule: Adding rule [ (?a rdf:type rdf:Statement) -> (?a rdf:type rdfs:Resource) ]
2026-03-13 22:20:58 [tsf.umontpellier.fr.RDFOWLReasoningExo2.main()] DEBUG o.a.j.r.rulesys.FBRuleInfGraph - addBRule: Adding rule [ (?a rdf:type rdfs:Literal) -> (?a rdf:type rdfs:Resource) ]
2026-03-13 22:20:58 [tsf.umontpellier.fr.RDFOWLReasoningExo2.main()] DEBUG o.a.j.r.rulesys.FBRuleInfGraph - addBRule: Adding rule [ (?x rdf:type ?y) notFunctor(?y) -> (?y rdf:type rdfs:Class) ]
2026-03-13 22:20:58 [tsf.umontpellier.fr.RDFOWLReasoningExo2.main()] DEBUG o.a.j.r.rulesys.FBRuleInfGraph - addBRule: Adding rule [ (?a rdf:type <http://www.lirmm.fr/ulliana/movies#Director>) -> (?a rdf:type <http://www.lirmm.fr/ulliana/movies#Artist>) ]
2026-03-13 22:20:58 [tsf.umontpellier.fr.RDFOWLReasoningExo2.main()] DEBUG o.a.j.r.rulesys.FBRuleInfGraph - addBRule: Adding rule [ (?x <http://www.lirmm.fr/ulliana/movies#playsIn> ?y) -> (?x rdf:type <http://www.lirmm.fr/ulliana/movies#Actor>) ]
2026-03-13 22:20:58 [tsf.umontpellier.fr.RDFOWLReasoningExo2.main()] DEBUG o.a.j.r.rulesys.FBRuleInfGraph - addBRule: Adding rule [ (?a rdf:type <http://www.lirmm.fr/ulliana/movies#Actor>) -> (?a rdf:type rdfs:Resource) ]
2026-03-13 22:20:58 [tsf.umontpellier.fr.RDFOWLReasoningExo2.main()] DEBUG o.a.j.r.rulesys.FBRuleInfGraph - addBRule: Adding rule [ (?x <http://www.lirmm.fr/ulliana/movies#playsIn> ?y) notFunctor(?y) -> (?y rdf:type <http://www.lirmm.fr/ulliana/movies#Movie>) ]
2026-03-13 22:20:58 [tsf.umontpellier.fr.RDFOWLReasoningExo2.main()] DEBUG o.a.j.r.rulesys.FBRuleInfGraph - addBRule: Adding rule [ (?a rdf:type <http://www.lirmm.fr/ulliana/movies#Movie>) -> (?a rdf:type rdfs:Resource) ]
2026-03-13 22:20:58 [tsf.umontpellier.fr.RDFOWLReasoningExo2.main()] DEBUG o.a.j.r.rulesys.FBRuleInfGraph - addBRule: Adding rule [ (?a rdf:type <http://www.lirmm.fr/ulliana/movies#Actor>) -> (?a rdf:type <http://www.lirmm.fr/ulliana/movies#Artist>) ]
2026-03-13 22:20:58 [tsf.umontpellier.fr.RDFOWLReasoningExo2.main()] DEBUG o.a.j.r.rulesys.FBRuleInfGraph - addBRule: Adding rule [ (?x <http://www.lirmm.fr/ulliana/movies#directedBy> ?y) -> (?x rdf:type <http://www.lirmm.fr/ulliana/movies#Movie>) ]
2026-03-13 22:20:58 [tsf.umontpellier.fr.RDFOWLReasoningExo2.main()] DEBUG o.a.j.r.rulesys.FBRuleInfGraph - addBRule: Adding rule [ (?x <http://www.lirmm.fr/ulliana/movies#directedBy> ?y) notFunctor(?y) -> (?y rdf:type <http://www.lirmm.fr/ulliana/movies#Director>) ]
2026-03-13 22:20:58 [tsf.umontpellier.fr.RDFOWLReasoningExo2.main()] DEBUG o.a.j.r.rulesys.FBRuleInfGraph - addBRule: Adding rule [ (?a rdf:type <http://www.lirmm.fr/ulliana/movies#Director>) -> (?a rdf:type rdfs:Resource) ]
2026-03-13 22:20:58 [tsf.umontpellier.fr.RDFOWLReasoningExo2.main()] DEBUG o.a.j.r.rulesys.FBRuleInfGraph - addBRule: Adding rule [ (?x <http://www.lirmm.fr/ulliana/movies#title> ?y) -> (?x rdf:type <http://www.lirmm.fr/ulliana/movies#Movie>) ]
2026-03-13 22:23:14 [tsf.umontpellier.fr.RDFOWLReasoningExo2.main()] DEBUG o.a.j.r.s.stream.JenaIOEnvironment - createLocationMapper: Failed to find configuration: location-mapping.ttl;location-mapping.rdf;etc/location-mapping.rdf;etc/location-mapping.ttl
2026-03-13 22:23:15 [tsf.umontpellier.fr.RDFOWLReasoningExo2.main()] DEBUG o.a.j.r.system.stream.StreamManager - mapURI: Not mapped: src/main/resources/owlExo2Schema.ttl
2026-03-13 22:23:15 [tsf.umontpellier.fr.RDFOWLReasoningExo2.main()] DEBUG o.a.j.r.system.stream.StreamManager - openNoMapOrNull: Found: src/main/resources/owlExo2Schema.ttl (LocatorFile)
2026-03-13 22:23:15 [tsf.umontpellier.fr.RDFOWLReasoningExo2.main()] DEBUG o.a.j.r.system.stream.StreamManager - mapURI: Not mapped: src/main/resources/owlExo2Data.ttl
2026-03-13 22:23:15 [tsf.umontpellier.fr.RDFOWLReasoningExo2.main()] DEBUG o.a.j.r.system.stream.StreamManager - openNoMapOrNull: Found: src/main/resources/owlExo2Data.ttl (LocatorFile)
2026-03-13 22:23:15 [tsf.umontpellier.fr.RDFOWLReasoningExo2.main()] DEBUG o.a.j.r.rulesys.FBRuleInfGraph - addBRule: Adding rule [ (?a rdf:type xsd:integer) -> (?a rdf:type xsd:decimal) ]
2026-03-13 22:23:15 [tsf.umontpellier.fr.RDFOWLReasoningExo2.main()] DEBUG o.a.j.r.rulesys.FBRuleInfGraph - addBRule: Adding rule [ (?x owl:intersectionOf ?y) -> (?x rdf:type owl:Class) ]
2026-03-13 22:23:15 [tsf.umontpellier.fr.RDFOWLReasoningExo2.main()] DEBUG o.a.j.r.rulesys.FBRuleInfGraph - addBRule: Adding rule [ (?a rdf:type owl:Class) -> (?a rdf:type rdfs:Resource) ]
2026-03-13 22:23:15 [tsf.umontpellier.fr.RDFOWLReasoningExo2.main()] DEBUG o.a.j.r.rulesys.FBRuleInfGraph - addBRule: Adding rule [ symmetricProperty1b: (?Y owl:disjointWith ?X) -> (?X owl:disjointWith ?Y) ]
2026-03-13 22:23:15 [tsf.umontpellier.fr.RDFOWLReasoningExo2.main()] DEBUG o.a.j.r.rulesys.FBRuleInfGraph - addBRule: Adding rule [ symmetricProperty1b: (?Y owl:differentFrom ?X) -> (?X owl:differentFrom ?Y) ]
2026-03-13 22:23:15 [tsf.umontpellier.fr.RDFOWLReasoningExo2.main()] DEBUG o.a.j.r.rulesys.FBRuleInfGraph - addBRule: Adding rule [ (?x owl:incompatibleWith ?y) notFunctor(?y) -> (?y rdf:type owl:Ontology) ]
2026-03-13 22:23:15 [tsf.umontpellier.fr.RDFOWLReasoningExo2.main()] DEBUG o.a.j.r.rulesys.FBRuleInfGraph - addBRule: Adding rule [ (?a rdf:type owl:Ontology) -> (?a rdf:type rdfs:Resource) ]
2026-03-13 22:23:15 [tsf.umontpellier.fr.RDFOWLReasoningExo2.main()] DEBUG o.a.j.r.rulesys.FBRuleInfGraph - addBRule: Adding rule [ (?x owl:incompatibleWith ?y) -> (?x rdf:type owl:Ontology) ]
2026-03-13 22:23:15 [tsf.umontpellier.fr.RDFOWLReasoningExo2.main()] DEBUG o.a.j.r.rulesys.FBRuleInfGraph - addBRule: Adding rule [ (?x owl:backwardCompatibleWith ?y) notFunctor(?y) -> (?y rdf:type owl:Ontology) ]
2026-03-13 22:23:15 [tsf.umontpellier.fr.RDFOWLReasoningExo2.main()] DEBUG o.a.j.r.rulesys.FBRuleInfGraph - addBRule: Adding rule [ (?x owl:backwardCompatibleWith ?y) -> (?x rdf:type owl:Ontology) ]
2026-03-13 22:23:15 [tsf.umontpellier.fr.RDFOWLReasoningExo2.main()] DEBUG o.a.j.r.rulesys.FBRuleInfGraph - addBRule: Adding rule [ (?x owl:priorVersion ?y) notFunctor(?y) -> (?y rdf:type owl:Ontology) ]
2026-03-13 22:23:15 [tsf.umontpellier.fr.RDFOWLReasoningExo2.main()] DEBUG o.a.j.r.rulesys.FBRuleInfGraph - addBRule: Adding rule [ (?x owl:priorVersion ?y) -> (?x rdf:type owl:Ontology) ]
2026-03-13 22:23:15 [tsf.umontpellier.fr.RDFOWLReasoningExo2.main()] DEBUG o.a.j.r.rulesys.FBRuleInfGraph - addBRule: Adding rule [ (?x owl:imports ?y) notFunctor(?y) -> (?y rdf:type owl:Ontology) ]
2026-03-13 22:23:15 [tsf.umontpellier.fr.RDFOWLReasoningExo2.main()] DEBUG o.a.j.r.rulesys.FBRuleInfGraph - addBRule: Adding rule [ (?x owl:imports ?y) -> (?x rdf:type owl:Ontology) ]
2026-03-13 22:23:15 [tsf.umontpellier.fr.RDFOWLReasoningExo2.main()] DEBUG o.a.j.r.rulesys.FBRuleInfGraph - addBRule: Adding rule [ (?a rdf:type owl:OntologyProperty) -> (?a rdf:type rdf:Property) ]
2026-03-13 22:23:15 [tsf.umontpellier.fr.RDFOWLReasoningExo2.main()] DEBUG o.a.j.r.rulesys.FBRuleInfGraph - addBRule: Adding rule [ (?x owl:onProperty ?y) notFunctor(?y) -> (?y rdf:type owl:Property) ]
2026-03-13 22:23:15 [tsf.umontpellier.fr.RDFOWLReasoningExo2.main()] DEBUG o.a.j.r.rulesys.FBRuleInfGraph - addBRule: Adding rule [ (?a rdf:type owl:Property) -> (?a rdf:type rdfs:Resource) ]
2026-03-13 22:23:15 [tsf.umontpellier.fr.RDFOWLReasoningExo2.main()] DEBUG o.a.j.r.rulesys.FBRuleInfGraph - addBRule: Adding rule [ (?x owl:onProperty ?y) -> (?x rdf:type owl:Restriction) ]
2026-03-13 22:23:15 [tsf.umontpellier.fr.RDFOWLReasoningExo2.main()] DEBUG o.a.j.r.rulesys.FBRuleInfGraph - addBRule: Adding rule [ (?a rdf:type owl:Restriction) -> (?a rdf:type rdfs:Resource) ]
2026-03-13 22:23:15 [tsf.umontpellier.fr.RDFOWLReasoningExo2.main()] DEBUG o.a.j.r.rulesys.FBRuleInfGraph - addBRule: Adding rule [ symmetricProperty1b: (?Y owl:sameAs ?X) -> (?X owl:sameAs ?Y) ]
2026-03-13 22:23:15 [tsf.umontpellier.fr.RDFOWLReasoningExo2.main()] DEBUG o.a.j.r.rulesys.FBRuleInfGraph - addBRule: Adding rule [ (?x owl:disjointWith ?y) notFunctor(?y) -> (?y rdf:type owl:Class) ]
2026-03-13 22:23:15 [tsf.umontpellier.fr.RDFOWLReasoningExo2.main()] DEBUG o.a.j.r.rulesys.FBRuleInfGraph - addBRule: Adding rule [ (?x owl:disjointWith ?y) -> (?x rdf:type owl:Class) ]
2026-03-13 22:23:15 [tsf.umontpellier.fr.RDFOWLReasoningExo2.main()] DEBUG o.a.j.r.rulesys.FBRuleInfGraph - addBRule: Adding rule [ (?x owl:equivalentClass ?y) notFunctor(?y) -> (?y rdf:type owl:Class) ]
2026-03-13 22:23:15 [tsf.umontpellier.fr.RDFOWLReasoningExo2.main()] DEBUG o.a.j.r.rulesys.FBRuleInfGraph - addBRule: Adding rule [ (?x owl:equivalentClass ?y) -> (?x rdf:type owl:Class) ]
2026-03-13 22:23:15 [tsf.umontpellier.fr.RDFOWLReasoningExo2.main()] DEBUG o.a.j.r.rulesys.FBRuleInfGraph - addBRule: Adding rule [ (?a rdf:type owl:Nothing) -> (?a rdf:type rdfs:Resource) ]
2026-03-13 22:23:15 [tsf.umontpellier.fr.RDFOWLReasoningExo2.main()] DEBUG o.a.j.r.rulesys.FBRuleInfGraph - addBRule: Adding rule [ (?a rdf:type owl:Nothing) -> (?a rdf:type owl:Thing) ]
2026-03-13 22:23:15 [tsf.umontpellier.fr.RDFOWLReasoningExo2.main()] DEBUG o.a.j.r.rulesys.FBRuleInfGraph - addBRule: Adding rule [ prototype2b: (90d379f2-c9b9-4116-985c-05551dd34e84 rdf:type ?d) -> (owl:Thing rdfs:subClassOf ?d) ]
2026-03-13 22:23:15 [tsf.umontpellier.fr.RDFOWLReasoningExo2.main()] DEBUG o.a.j.r.rulesys.FBRuleInfGraph - addBRule: Adding rule [ (?a rdf:type owl:Thing) -> (?a rdf:type rdfs:Resource) ]
2026-03-13 22:23:15 [tsf.umontpellier.fr.RDFOWLReasoningExo2.main()] DEBUG o.a.j.r.rulesys.FBRuleInfGraph - addBRule: Adding rule [ (?a rdf:type owl:Restriction) -> (?a rdf:type owl:Class) ]
2026-03-13 22:23:15 [tsf.umontpellier.fr.RDFOWLReasoningExo2.main()] DEBUG o.a.j.r.rulesys.FBRuleInfGraph - addBRule: Adding rule [ (?a rdf:type owl:Class) -> (?a rdf:type rdfs:Class) ]
2026-03-13 22:23:15 [tsf.umontpellier.fr.RDFOWLReasoningExo2.main()] DEBUG o.a.j.r.rulesys.FBRuleInfGraph - addBRule: Adding rule [ (?x owl:oneOf ?y) -> (?x rdf:type owl:Class) ]
2026-03-13 22:23:15 [tsf.umontpellier.fr.RDFOWLReasoningExo2.main()] DEBUG o.a.j.r.rulesys.FBRuleInfGraph - addBRule: Adding rule [ (?a rdf:type owl:SymmetricProperty) -> (?a rdf:type owl:ObjectProperty) ]
2026-03-13 22:23:15 [tsf.umontpellier.fr.RDFOWLReasoningExo2.main()] DEBUG o.a.j.r.rulesys.FBRuleInfGraph - addBRule: Adding rule [ (?a rdf:type owl:TransitiveProperty) -> (?a rdf:type owl:ObjectProperty) ]
2026-03-13 22:23:15 [tsf.umontpellier.fr.RDFOWLReasoningExo2.main()] DEBUG o.a.j.r.rulesys.FBRuleInfGraph - addBRule: Adding rule [ (?a rdf:type owl:InverseFunctionalProperty) -> (?a rdf:type owl:ObjectProperty) ]
2026-03-13 22:23:15 [tsf.umontpellier.fr.RDFOWLReasoningExo2.main()] DEBUG o.a.j.r.rulesys.FBRuleInfGraph - addBRule: Adding rule [ (?a rdf:type owl:DatatypeProperty) -> (?a rdf:type rdf:Property) ]
2026-03-13 22:23:15 [tsf.umontpellier.fr.RDFOWLReasoningExo2.main()] DEBUG o.a.j.r.rulesys.FBRuleInfGraph - addBRule: Adding rule [ (?a rdf:type owl:ObjectProperty) -> (?a rdf:type rdf:Property) ]
2026-03-13 22:23:15 [tsf.umontpellier.fr.RDFOWLReasoningExo2.main()] DEBUG o.a.j.r.rulesys.FBRuleInfGraph - addBRule: Adding rule [ (?a rdf:type owl:FunctionalProperty) -> (?a rdf:type rdf:Property) ]
2026-03-13 22:23:15 [tsf.umontpellier.fr.RDFOWLReasoningExo2.main()] DEBUG o.a.j.r.rulesys.FBRuleInfGraph - addBRule: Adding rule [ (?a rdf:type rdfs:Datatype) -> (?a rdf:type rdfs:Class) ]
2026-03-13 22:23:15 [tsf.umontpellier.fr.RDFOWLReasoningExo2.main()] DEBUG o.a.j.r.rulesys.FBRuleInfGraph - addBRule: Adding rule [ (?a rdfs:isDefinedBy ?b) -> (?a rdfs:seeAlso ?b) ]
2026-03-13 22:23:15 [tsf.umontpellier.fr.RDFOWLReasoningExo2.main()] DEBUG o.a.j.r.rulesys.FBRuleInfGraph - addBRule: Adding rule [ (?a rdf:type rdfs:ContainerMembershipProperty) -> (?a rdf:type rdf:Property) ]
2026-03-13 22:23:15 [tsf.umontpellier.fr.RDFOWLReasoningExo2.main()] DEBUG o.a.j.r.rulesys.FBRuleInfGraph - addBRule: Adding rule [ (?a rdf:type rdf:Seq) -> (?a rdf:type rdfs:Container) ]
2026-03-13 22:23:15 [tsf.umontpellier.fr.RDFOWLReasoningExo2.main()] DEBUG o.a.j.r.rulesys.FBRuleInfGraph - addBRule: Adding rule [ (?a rdf:type rdf:Bag) -> (?a rdf:type rdfs:Container) ]
2026-03-13 22:23:15 [tsf.umontpellier.fr.RDFOWLReasoningExo2.main()] DEBUG o.a.j.r.rulesys.FBRuleInfGraph - addBRule: Adding rule [ (?a rdf:type rdf:Alt) -> (?a rdf:type rdfs:Container) ]
2026-03-13 22:23:15 [tsf.umontpellier.fr.RDFOWLReasoningExo2.main()] DEBUG o.a.j.r.rulesys.FBRuleInfGraph - addBRule: Adding rule [ (?x rdf:rest ?y) notFunctor(?y) -> (?y rdf:type rdf:List) ]
2026-03-13 22:23:15 [tsf.umontpellier.fr.RDFOWLReasoningExo2.main()] DEBUG o.a.j.r.rulesys.FBRuleInfGraph - addBRule: Adding rule [ (?a rdf:type rdf:List) -> (?a rdf:type rdfs:Resource) ]
2026-03-13 22:23:15 [tsf.umontpellier.fr.RDFOWLReasoningExo2.main()] DEBUG o.a.j.r.rulesys.FBRuleInfGraph - addBRule: Adding rule [ (?x rdfs:range ?y) notFunctor(?y) -> (?y rdf:type rdfs:Class) ]
2026-03-13 22:23:15 [tsf.umontpellier.fr.RDFOWLReasoningExo2.main()] DEBUG o.a.j.r.rulesys.FBRuleInfGraph - addBRule: Adding rule [ (?a rdf:type rdfs:Class) -> (?a rdf:type rdfs:Resource) ]
2026-03-13 22:23:15 [tsf.umontpellier.fr.RDFOWLReasoningExo2.main()] DEBUG o.a.j.r.rulesys.FBRuleInfGraph - addBRule: Adding rule [ (?x rdfs:domain ?y) notFunctor(?y) -> (?y rdf:type rdfs:Class) ]
2026-03-13 22:23:15 [tsf.umontpellier.fr.RDFOWLReasoningExo2.main()] DEBUG o.a.j.r.rulesys.FBRuleInfGraph - addBRule: Adding rule [ (?x rdfs:subClassOf ?y) notFunctor(?y) -> (?y rdf:type rdfs:Class) ]
2026-03-13 22:23:15 [tsf.umontpellier.fr.RDFOWLReasoningExo2.main()] DEBUG o.a.j.r.rulesys.FBRuleInfGraph - addBRule: Adding rule [ (?x rdfs:subPropertyOf ?y) notFunctor(?y) -> (?y rdf:type rdf:Property) ]
2026-03-13 22:23:15 [tsf.umontpellier.fr.RDFOWLReasoningExo2.main()] DEBUG o.a.j.r.rulesys.FBRuleInfGraph - addBRule: Adding rule [ (?a rdf:type rdf:Property) -> (?a rdf:type rdfs:Resource) ]
2026-03-13 22:23:15 [tsf.umontpellier.fr.RDFOWLReasoningExo2.main()] DEBUG o.a.j.r.rulesys.FBRuleInfGraph - addBRule: Adding rule [ (?x rdf:rest ?y) -> (?x rdf:type rdf:List) ]
2026-03-13 22:23:15 [tsf.umontpellier.fr.RDFOWLReasoningExo2.main()] DEBUG o.a.j.r.rulesys.FBRuleInfGraph - addBRule: Adding rule [ (?x rdf:first ?y) -> (?x rdf:type rdf:List) ]
2026-03-13 22:23:15 [tsf.umontpellier.fr.RDFOWLReasoningExo2.main()] DEBUG o.a.j.r.rulesys.FBRuleInfGraph - addBRule: Adding rule [ (?x rdf:object ?y) -> (?x rdf:type rdf:Statement) ]
2026-03-13 22:23:15 [tsf.umontpellier.fr.RDFOWLReasoningExo2.main()] DEBUG o.a.j.r.rulesys.FBRuleInfGraph - addBRule: Adding rule [ (?x rdf:predicate ?y) -> (?x rdf:type rdf:Statement) ]
2026-03-13 22:23:15 [tsf.umontpellier.fr.RDFOWLReasoningExo2.main()] DEBUG o.a.j.r.rulesys.FBRuleInfGraph - addBRule: Adding rule [ (?x rdf:subject ?y) -> (?x rdf:type rdf:Statement) ]
2026-03-13 22:23:15 [tsf.umontpellier.fr.RDFOWLReasoningExo2.main()] DEBUG o.a.j.r.rulesys.FBRuleInfGraph - addBRule: Adding rule [ (?x rdfs:range ?y) -> (?x rdf:type rdf:Property) ]
2026-03-13 22:23:15 [tsf.umontpellier.fr.RDFOWLReasoningExo2.main()] DEBUG o.a.j.r.rulesys.FBRuleInfGraph - addBRule: Adding rule [ (?x rdfs:domain ?y) -> (?x rdf:type rdf:Property) ]
2026-03-13 22:23:15 [tsf.umontpellier.fr.RDFOWLReasoningExo2.main()] DEBUG o.a.j.r.rulesys.FBRuleInfGraph - addBRule: Adding rule [ (?x rdfs:subClassOf ?y) -> (?x rdf:type rdfs:Class) ]
2026-03-13 22:23:15 [tsf.umontpellier.fr.RDFOWLReasoningExo2.main()] DEBUG o.a.j.r.rulesys.FBRuleInfGraph - addBRule: Adding rule [ (?x rdfs:subPropertyOf ?y) -> (?x rdf:type rdf:Property) ]
2026-03-13 22:23:15 [tsf.umontpellier.fr.RDFOWLReasoningExo2.main()] DEBUG o.a.j.r.rulesys.FBRuleInfGraph - addBRule: Adding rule [ (?a rdf:type rdf:Statement) -> (?a rdf:type rdfs:Resource) ]
2026-03-13 22:23:15 [tsf.umontpellier.fr.RDFOWLReasoningExo2.main()] DEBUG o.a.j.r.rulesys.FBRuleInfGraph - addBRule: Adding rule [ (?a rdf:type rdfs:Literal) -> (?a rdf:type rdfs:Resource) ]
2026-03-13 22:23:15 [tsf.umontpellier.fr.RDFOWLReasoningExo2.main()] DEBUG o.a.j.r.rulesys.FBRuleInfGraph - addBRule: Adding rule [ (?x rdf:type ?y) notFunctor(?y) -> (?y rdf:type rdfs:Class) ]
2026-03-13 22:23:15 [tsf.umontpellier.fr.RDFOWLReasoningExo2.main()] DEBUG o.a.j.r.rulesys.FBRuleInfGraph - addBRule: Adding rule [ (?a rdf:type <http://www.lirmm.fr/ulliana/movies#Director>) -> (?a rdf:type <http://www.lirmm.fr/ulliana/movies#Artist>) ]
2026-03-13 22:23:15 [tsf.umontpellier.fr.RDFOWLReasoningExo2.main()] DEBUG o.a.j.r.rulesys.FBRuleInfGraph - addBRule: Adding rule [ (?x <http://www.lirmm.fr/ulliana/movies#playsIn> ?y) -> (?x rdf:type <http://www.lirmm.fr/ulliana/movies#Actor>) ]
2026-03-13 22:23:15 [tsf.umontpellier.fr.RDFOWLReasoningExo2.main()] DEBUG o.a.j.r.rulesys.FBRuleInfGraph - addBRule: Adding rule [ (?a rdf:type <http://www.lirmm.fr/ulliana/movies#Actor>) -> (?a rdf:type rdfs:Resource) ]
2026-03-13 22:23:15 [tsf.umontpellier.fr.RDFOWLReasoningExo2.main()] DEBUG o.a.j.r.rulesys.FBRuleInfGraph - addBRule: Adding rule [ (?x <http://www.lirmm.fr/ulliana/movies#playsIn> ?y) notFunctor(?y) -> (?y rdf:type <http://www.lirmm.fr/ulliana/movies#Movie>) ]
2026-03-13 22:23:15 [tsf.umontpellier.fr.RDFOWLReasoningExo2.main()] DEBUG o.a.j.r.rulesys.FBRuleInfGraph - addBRule: Adding rule [ (?a rdf:type <http://www.lirmm.fr/ulliana/movies#Movie>) -> (?a rdf:type rdfs:Resource) ]
2026-03-13 22:23:15 [tsf.umontpellier.fr.RDFOWLReasoningExo2.main()] DEBUG o.a.j.r.rulesys.FBRuleInfGraph - addBRule: Adding rule [ (?a rdf:type <http://www.lirmm.fr/ulliana/movies#Actor>) -> (?a rdf:type <http://www.lirmm.fr/ulliana/movies#Artist>) ]
2026-03-13 22:23:15 [tsf.umontpellier.fr.RDFOWLReasoningExo2.main()] DEBUG o.a.j.r.rulesys.FBRuleInfGraph - addBRule: Adding rule [ (?x <http://www.lirmm.fr/ulliana/movies#directedBy> ?y) -> (?x rdf:type <http://www.lirmm.fr/ulliana/movies#Movie>) ]
2026-03-13 22:23:15 [tsf.umontpellier.fr.RDFOWLReasoningExo2.main()] DEBUG o.a.j.r.rulesys.FBRuleInfGraph - addBRule: Adding rule [ (?x <http://www.lirmm.fr/ulliana/movies#directedBy> ?y) notFunctor(?y) -> (?y rdf:type <http://www.lirmm.fr/ulliana/movies#Director>) ]
2026-03-13 22:23:15 [tsf.umontpellier.fr.RDFOWLReasoningExo2.main()] DEBUG o.a.j.r.rulesys.FBRuleInfGraph - addBRule: Adding rule [ (?a rdf:type <http://www.lirmm.fr/ulliana/movies#Director>) -> (?a rdf:type rdfs:Resource) ]
2026-03-13 22:23:15 [tsf.umontpellier.fr.RDFOWLReasoningExo2.main()] DEBUG o.a.j.r.rulesys.FBRuleInfGraph - addBRule: Adding rule [ (?x <http://www.lirmm.fr/ulliana/movies#title> ?y) -> (?x rdf:type <http://www.lirmm.fr/ulliana/movies#Movie>) ]
